{"/Users/bongoslav/Documents/restaurant-finder/server/src/app.ts": {"path":"/Users/bongoslav/Documents/restaurant-finder/server/src/app.ts","statementMap":{"0":{"start":{"line":1,"column":0},"end":{"line":1,"column":23}},"1":{"start":{"line":2,"column":0},"end":{"line":2,"column":30}},"2":{"start":{"line":3,"column":0},"end":{"line":3,"column":28}},"3":{"start":{"line":4,"column":0},"end":{"line":4,"column":24}},"4":{"start":{"line":5,"column":0},"end":{"line":5,"column":52}},"5":{"start":{"line":6,"column":0},"end":{"line":6,"column":44}},"6":{"start":{"line":7,"column":0},"end":{"line":7,"column":39}},"7":{"start":{"line":8,"column":0},"end":{"line":8,"column":41}},"8":{"start":{"line":9,"column":0},"end":{"line":9,"column":52}},"9":{"start":{"line":11,"column":12},"end":{"line":11,"column":21}},"10":{"start":{"line":14,"column":0},"end":{"line":14,"column":24}},"11":{"start":{"line":15,"column":0},"end":{"line":15,"column":51}},"12":{"start":{"line":16,"column":0},"end":{"line":16,"column":24}},"13":{"start":{"line":17,"column":0},"end":{"line":19,"column":null}},"14":{"start":{"line":18,"column":2},"end":{"line":18,"column":25}},"15":{"start":{"line":22,"column":0},"end":{"line":22,"column":49}},"16":{"start":{"line":23,"column":0},"end":{"line":23,"column":45}},"17":{"start":{"line":24,"column":0},"end":{"line":24,"column":36}},"18":{"start":{"line":27,"column":0},"end":{"line":27,"column":22}},"19":{"start":{"line":29,"column":0},"end":{"line":29,"column":19}}},"fnMap":{},"branchMap":{"0":{"loc":{"start":{"line":17,"column":0},"end":{"line":19,"column":null}},"type":"if","locations":[{"start":{"line":17,"column":0},"end":{"line":19,"column":null}}]}},"s":{"0":3,"1":3,"2":3,"3":3,"4":3,"5":3,"6":3,"7":3,"8":3,"9":3,"10":3,"11":3,"12":3,"13":3,"14":0,"15":3,"16":3,"17":3,"18":3,"19":3},"f":{},"b":{"0":[0]}}
,"/Users/bongoslav/Documents/restaurant-finder/server/src/config/jwt.ts": {"path":"/Users/bongoslav/Documents/restaurant-finder/server/src/config/jwt.ts","statementMap":{"0":{"start":{"line":1,"column":0},"end":{"line":1,"column":31}},"1":{"start":{"line":3,"column":0},"end":{"line":3,"column":23}},"2":{"start":{"line":5,"column":28},"end":{"line":5,"column":59}},"3":{"start":{"line":6,"column":29},"end":{"line":6,"column":61}},"4":{"start":{"line":8,"column":28},"end":{"line":8,"column":33}},"5":{"start":{"line":9,"column":29},"end":{"line":9,"column":33}},"6":{"start":{"line":12,"column":2},"end":{"line":14,"column":5}},"7":{"start":{"line":11,"column":0},"end":{"line":11,"column":16}},"8":{"start":{"line":18,"column":2},"end":{"line":20,"column":5}},"9":{"start":{"line":17,"column":0},"end":{"line":17,"column":16}},"10":{"start":{"line":24,"column":2},"end":{"line":24,"column":70}},"11":{"start":{"line":23,"column":0},"end":{"line":23,"column":16}},"12":{"start":{"line":28,"column":2},"end":{"line":28,"column":71}},"13":{"start":{"line":27,"column":0},"end":{"line":27,"column":16}}},"fnMap":{"0":{"name":"generateAccessToken","decl":{"start":{"line":11,"column":16},"end":{"line":11,"column":35}},"loc":{"start":{"line":11,"column":58},"end":{"line":15,"column":1}}},"1":{"name":"generateRefreshToken","decl":{"start":{"line":17,"column":16},"end":{"line":17,"column":36}},"loc":{"start":{"line":17,"column":59},"end":{"line":21,"column":1}}},"2":{"name":"verifyAccessToken","decl":{"start":{"line":23,"column":16},"end":{"line":23,"column":33}},"loc":{"start":{"line":23,"column":47},"end":{"line":25,"column":1}}},"3":{"name":"verifyRefreshToken","decl":{"start":{"line":27,"column":16},"end":{"line":27,"column":34}},"loc":{"start":{"line":27,"column":48},"end":{"line":29,"column":1}}}},"branchMap":{},"s":{"0":3,"1":3,"2":3,"3":3,"4":3,"5":3,"6":48,"7":3,"8":18,"9":3,"10":22,"11":3,"12":2,"13":3},"f":{"0":48,"1":18,"2":22,"3":2},"b":{}}
,"/Users/bongoslav/Documents/restaurant-finder/server/src/controllers/auth.ts": {"path":"/Users/bongoslav/Documents/restaurant-finder/server/src/controllers/auth.ts","statementMap":{"0":{"start":{"line":2,"column":0},"end":{"line":2,"column":55}},"1":{"start":{"line":3,"column":0},"end":{"line":3,"column":57}},"2":{"start":{"line":5,"column":0},"end":{"line":5,"column":35}},"3":{"start":{"line":6,"column":0},"end":{"line":6,"column":49}},"4":{"start":{"line":8,"column":30},"end":{"line":28,"column":2}},"5":{"start":{"line":12,"column":4},"end":{"line":28,"column":2}},"6":{"start":{"line":13,"column":2},"end":{"line":27,"column":null}},"7":{"start":{"line":14,"column":17},"end":{"line":14,"column":66}},"8":{"start":{"line":16,"column":4},"end":{"line":24,"column":7}},"9":{"start":{"line":26,"column":4},"end":{"line":26,"column":16}},"10":{"start":{"line":8,"column":13},"end":{"line":8,"column":30}},"11":{"start":{"line":30,"column":28},"end":{"line":52,"column":2}},"12":{"start":{"line":34,"column":4},"end":{"line":52,"column":2}},"13":{"start":{"line":35,"column":2},"end":{"line":51,"column":null}},"14":{"start":{"line":36,"column":48},"end":{"line":36,"column":56}},"15":{"start":{"line":38,"column":20},"end":{"line":43,"column":6}},"16":{"start":{"line":45,"column":4},"end":{"line":48,"column":7}},"17":{"start":{"line":50,"column":4},"end":{"line":50,"column":16}},"18":{"start":{"line":30,"column":13},"end":{"line":30,"column":28}},"19":{"start":{"line":54,"column":25},"end":{"line":89,"column":2}},"20":{"start":{"line":58,"column":4},"end":{"line":89,"column":2}},"21":{"start":{"line":59,"column":2},"end":{"line":88,"column":null}},"22":{"start":{"line":60,"column":32},"end":{"line":60,"column":40}},"23":{"start":{"line":62,"column":17},"end":{"line":62,"column":69}},"24":{"start":{"line":63,"column":42},"end":{"line":64,"column":null}},"25":{"start":{"line":68,"column":4},"end":{"line":73,"column":7}},"26":{"start":{"line":75,"column":4},"end":{"line":85,"column":7}},"27":{"start":{"line":87,"column":4},"end":{"line":87,"column":16}},"28":{"start":{"line":54,"column":13},"end":{"line":54,"column":25}},"29":{"start":{"line":91,"column":26},"end":{"line":115,"column":2}},"30":{"start":{"line":95,"column":4},"end":{"line":115,"column":2}},"31":{"start":{"line":96,"column":2},"end":{"line":114,"column":null}},"32":{"start":{"line":97,"column":25},"end":{"line":97,"column":49}},"33":{"start":{"line":99,"column":4},"end":{"line":101,"column":null}},"34":{"start":{"line":100,"column":6},"end":{"line":100,"column":67}},"35":{"start":{"line":103,"column":25},"end":{"line":103,"column":54}},"36":{"start":{"line":104,"column":4},"end":{"line":104,"column":70}},"37":{"start":{"line":106,"column":4},"end":{"line":106,"column":36}},"38":{"start":{"line":108,"column":4},"end":{"line":111,"column":7}},"39":{"start":{"line":113,"column":4},"end":{"line":113,"column":16}},"40":{"start":{"line":91,"column":13},"end":{"line":91,"column":26}},"41":{"start":{"line":117,"column":23},"end":{"line":141,"column":2}},"42":{"start":{"line":121,"column":4},"end":{"line":141,"column":2}},"43":{"start":{"line":122,"column":2},"end":{"line":140,"column":null}},"44":{"start":{"line":123,"column":23},"end":{"line":123,"column":33}},"45":{"start":{"line":125,"column":17},"end":{"line":125,"column":54}},"46":{"start":{"line":127,"column":4},"end":{"line":137,"column":7}},"47":{"start":{"line":139,"column":4},"end":{"line":139,"column":16}},"48":{"start":{"line":117,"column":13},"end":{"line":117,"column":23}},"49":{"start":{"line":143,"column":26},"end":{"line":177,"column":2}},"50":{"start":{"line":147,"column":4},"end":{"line":177,"column":2}},"51":{"start":{"line":148,"column":2},"end":{"line":176,"column":null}},"52":{"start":{"line":149,"column":23},"end":{"line":149,"column":33}},"53":{"start":{"line":150,"column":4},"end":{"line":152,"column":null}},"54":{"start":{"line":151,"column":6},"end":{"line":151,"column":76}},"55":{"start":{"line":154,"column":48},"end":{"line":154,"column":56}},"56":{"start":{"line":156,"column":24},"end":{"line":161,"column":6}},"57":{"start":{"line":163,"column":4},"end":{"line":173,"column":7}},"58":{"start":{"line":175,"column":4},"end":{"line":175,"column":16}},"59":{"start":{"line":143,"column":13},"end":{"line":143,"column":26}},"60":{"start":{"line":179,"column":28},"end":{"line":213,"column":2}},"61":{"start":{"line":183,"column":4},"end":{"line":213,"column":2}},"62":{"start":{"line":184,"column":2},"end":{"line":212,"column":null}},"63":{"start":{"line":185,"column":29},"end":{"line":185,"column":40}},"64":{"start":{"line":187,"column":4},"end":{"line":189,"column":null}},"65":{"start":{"line":188,"column":6},"end":{"line":188,"column":67}},"66":{"start":{"line":191,"column":19},"end":{"line":191,"column":70}},"67":{"start":{"line":193,"column":4},"end":{"line":198,"column":7}},"68":{"start":{"line":200,"column":4},"end":{"line":205,"column":7}},"69":{"start":{"line":207,"column":4},"end":{"line":211,"column":null}},"70":{"start":{"line":208,"column":6},"end":{"line":208,"column":25}},"71":{"start":{"line":210,"column":6},"end":{"line":210,"column":63}},"72":{"start":{"line":179,"column":13},"end":{"line":179,"column":28}}},"fnMap":{"0":{"name":"(anonymous_13)","decl":{"start":{"line":8,"column":30},"end":{"line":8,"column":null}},"loc":{"start":{"line":12,"column":4},"end":{"line":28,"column":2}}},"1":{"name":"(anonymous_14)","decl":{"start":{"line":12,"column":4},"end":{"line":12,"column":null}},"loc":{"start":{"line":12,"column":4},"end":{"line":28,"column":1}}},"2":{"name":"(anonymous_15)","decl":{"start":{"line":30,"column":28},"end":{"line":30,"column":null}},"loc":{"start":{"line":34,"column":4},"end":{"line":52,"column":2}}},"3":{"name":"(anonymous_16)","decl":{"start":{"line":34,"column":4},"end":{"line":34,"column":null}},"loc":{"start":{"line":34,"column":4},"end":{"line":52,"column":1}}},"4":{"name":"(anonymous_17)","decl":{"start":{"line":54,"column":25},"end":{"line":54,"column":null}},"loc":{"start":{"line":58,"column":4},"end":{"line":89,"column":2}}},"5":{"name":"(anonymous_18)","decl":{"start":{"line":58,"column":4},"end":{"line":58,"column":null}},"loc":{"start":{"line":58,"column":4},"end":{"line":89,"column":1}}},"6":{"name":"(anonymous_19)","decl":{"start":{"line":91,"column":26},"end":{"line":91,"column":null}},"loc":{"start":{"line":95,"column":4},"end":{"line":115,"column":2}}},"7":{"name":"(anonymous_20)","decl":{"start":{"line":95,"column":4},"end":{"line":95,"column":null}},"loc":{"start":{"line":95,"column":4},"end":{"line":115,"column":1}}},"8":{"name":"(anonymous_21)","decl":{"start":{"line":117,"column":23},"end":{"line":117,"column":null}},"loc":{"start":{"line":121,"column":4},"end":{"line":141,"column":2}}},"9":{"name":"(anonymous_22)","decl":{"start":{"line":121,"column":4},"end":{"line":121,"column":null}},"loc":{"start":{"line":121,"column":4},"end":{"line":141,"column":1}}},"10":{"name":"(anonymous_23)","decl":{"start":{"line":143,"column":26},"end":{"line":143,"column":null}},"loc":{"start":{"line":147,"column":4},"end":{"line":177,"column":2}}},"11":{"name":"(anonymous_24)","decl":{"start":{"line":147,"column":4},"end":{"line":147,"column":null}},"loc":{"start":{"line":147,"column":4},"end":{"line":177,"column":1}}},"12":{"name":"(anonymous_25)","decl":{"start":{"line":179,"column":28},"end":{"line":179,"column":null}},"loc":{"start":{"line":183,"column":4},"end":{"line":213,"column":2}}},"13":{"name":"(anonymous_26)","decl":{"start":{"line":183,"column":4},"end":{"line":183,"column":null}},"loc":{"start":{"line":183,"column":4},"end":{"line":213,"column":1}}}},"branchMap":{"0":{"loc":{"start":{"line":99,"column":4},"end":{"line":101,"column":null}},"type":"if","locations":[{"start":{"line":99,"column":4},"end":{"line":101,"column":null}}]},"1":{"loc":{"start":{"line":150,"column":4},"end":{"line":152,"column":null}},"type":"if","locations":[{"start":{"line":150,"column":4},"end":{"line":152,"column":null}}]},"2":{"loc":{"start":{"line":187,"column":4},"end":{"line":189,"column":null}},"type":"if","locations":[{"start":{"line":187,"column":4},"end":{"line":189,"column":null}}]},"3":{"loc":{"start":{"line":207,"column":4},"end":{"line":211,"column":null}},"type":"if","locations":[{"start":{"line":207,"column":4},"end":{"line":211,"column":null}},{"start":{"line":209,"column":11},"end":{"line":211,"column":null}}]}},"s":{"0":3,"1":3,"2":3,"3":3,"4":3,"5":1,"6":1,"7":1,"8":1,"9":0,"10":3,"11":3,"12":1,"13":1,"14":1,"15":1,"16":1,"17":0,"18":3,"19":3,"20":2,"21":2,"22":2,"23":2,"24":1,"25":1,"26":1,"27":1,"28":3,"29":3,"30":1,"31":1,"32":1,"33":1,"34":0,"35":1,"36":1,"37":1,"38":1,"39":0,"40":3,"41":3,"42":2,"43":2,"44":2,"45":2,"46":1,"47":1,"48":3,"49":3,"50":2,"51":2,"52":2,"53":2,"54":1,"55":1,"56":1,"57":1,"58":0,"59":3,"60":3,"61":2,"62":2,"63":2,"64":2,"65":0,"66":2,"67":1,"68":1,"69":1,"70":1,"71":0,"72":3},"f":{"0":1,"1":1,"2":1,"3":1,"4":2,"5":2,"6":1,"7":1,"8":2,"9":2,"10":2,"11":2,"12":2,"13":2},"b":{"0":[0],"1":[1],"2":[0],"3":[1,0]}}
,"/Users/bongoslav/Documents/restaurant-finder/server/src/controllers/restaurants.ts": {"path":"/Users/bongoslav/Documents/restaurant-finder/server/src/controllers/restaurants.ts","statementMap":{"0":{"start":{"line":2,"column":0},"end":{"line":2,"column":67}},"1":{"start":{"line":5,"column":33},"end":{"line":5,"column":34}},"2":{"start":{"line":7,"column":33},"end":{"line":58,"column":2}},"3":{"start":{"line":11,"column":4},"end":{"line":58,"column":2}},"4":{"start":{"line":12,"column":2},"end":{"line":57,"column":null}},"5":{"start":{"line":13,"column":17},"end":{"line":13,"column":69}},"6":{"start":{"line":14,"column":18},"end":{"line":19,"column":null}},"7":{"start":{"line":21,"column":19},"end":{"line":25,"column":19}},"8":{"start":{"line":27,"column":6},"end":{"line":27,"column":52}},"9":{"start":{"line":29,"column":20},"end":{"line":41,"column":6}},"10":{"start":{"line":43,"column":19},"end":{"line":43,"column":69}},"11":{"start":{"line":45,"column":4},"end":{"line":54,"column":7}},"12":{"start":{"line":56,"column":4},"end":{"line":56,"column":16}},"13":{"start":{"line":7,"column":13},"end":{"line":7,"column":33}},"14":{"start":{"line":60,"column":33},"end":{"line":77,"column":2}},"15":{"start":{"line":64,"column":4},"end":{"line":77,"column":2}},"16":{"start":{"line":65,"column":2},"end":{"line":76,"column":null}},"17":{"start":{"line":66,"column":15},"end":{"line":66,"column":28}},"18":{"start":{"line":68,"column":19},"end":{"line":68,"column":64}},"19":{"start":{"line":70,"column":4},"end":{"line":73,"column":7}},"20":{"start":{"line":75,"column":4},"end":{"line":75,"column":16}},"21":{"start":{"line":60,"column":13},"end":{"line":60,"column":33}},"22":{"start":{"line":79,"column":32},"end":{"line":104,"column":2}},"23":{"start":{"line":83,"column":4},"end":{"line":104,"column":2}},"24":{"start":{"line":84,"column":2},"end":{"line":103,"column":null}},"25":{"start":{"line":85,"column":59},"end":{"line":85,"column":67}},"26":{"start":{"line":86,"column":19},"end":{"line":86,"column":34}},"27":{"start":{"line":88,"column":19},"end":{"line":94,"column":null}},"28":{"start":{"line":97,"column":4},"end":{"line":100,"column":7}},"29":{"start":{"line":102,"column":4},"end":{"line":102,"column":16}},"30":{"start":{"line":79,"column":13},"end":{"line":79,"column":32}},"31":{"start":{"line":106,"column":32},"end":{"line":126,"column":2}},"32":{"start":{"line":110,"column":4},"end":{"line":126,"column":2}},"33":{"start":{"line":111,"column":2},"end":{"line":125,"column":null}},"34":{"start":{"line":112,"column":15},"end":{"line":112,"column":28}},"35":{"start":{"line":113,"column":57},"end":{"line":113,"column":65}},"36":{"start":{"line":114,"column":30},"end":{"line":116,"column":null}},"37":{"start":{"line":119,"column":4},"end":{"line":122,"column":7}},"38":{"start":{"line":124,"column":4},"end":{"line":124,"column":16}},"39":{"start":{"line":106,"column":13},"end":{"line":106,"column":32}},"40":{"start":{"line":128,"column":32},"end":{"line":145,"column":2}},"41":{"start":{"line":132,"column":4},"end":{"line":145,"column":2}},"42":{"start":{"line":133,"column":2},"end":{"line":144,"column":null}},"43":{"start":{"line":134,"column":19},"end":{"line":134,"column":29}},"44":{"start":{"line":136,"column":4},"end":{"line":136,"column":49}},"45":{"start":{"line":138,"column":4},"end":{"line":141,"column":7}},"46":{"start":{"line":143,"column":4},"end":{"line":143,"column":16}},"47":{"start":{"line":128,"column":13},"end":{"line":128,"column":32}}},"fnMap":{"0":{"name":"(anonymous_13)","decl":{"start":{"line":7,"column":33},"end":{"line":7,"column":null}},"loc":{"start":{"line":11,"column":4},"end":{"line":58,"column":2}}},"1":{"name":"(anonymous_14)","decl":{"start":{"line":11,"column":4},"end":{"line":11,"column":null}},"loc":{"start":{"line":11,"column":4},"end":{"line":58,"column":1}}},"2":{"name":"(anonymous_15)","decl":{"start":{"line":60,"column":33},"end":{"line":60,"column":null}},"loc":{"start":{"line":64,"column":4},"end":{"line":77,"column":2}}},"3":{"name":"(anonymous_16)","decl":{"start":{"line":64,"column":4},"end":{"line":64,"column":null}},"loc":{"start":{"line":64,"column":4},"end":{"line":77,"column":1}}},"4":{"name":"(anonymous_17)","decl":{"start":{"line":79,"column":32},"end":{"line":79,"column":null}},"loc":{"start":{"line":83,"column":4},"end":{"line":104,"column":2}}},"5":{"name":"(anonymous_18)","decl":{"start":{"line":83,"column":4},"end":{"line":83,"column":null}},"loc":{"start":{"line":83,"column":4},"end":{"line":104,"column":1}}},"6":{"name":"(anonymous_19)","decl":{"start":{"line":106,"column":32},"end":{"line":106,"column":null}},"loc":{"start":{"line":110,"column":4},"end":{"line":126,"column":2}}},"7":{"name":"(anonymous_20)","decl":{"start":{"line":110,"column":4},"end":{"line":110,"column":null}},"loc":{"start":{"line":110,"column":4},"end":{"line":126,"column":1}}},"8":{"name":"(anonymous_21)","decl":{"start":{"line":128,"column":32},"end":{"line":128,"column":null}},"loc":{"start":{"line":132,"column":4},"end":{"line":145,"column":2}}},"9":{"name":"(anonymous_22)","decl":{"start":{"line":132,"column":4},"end":{"line":132,"column":null}},"loc":{"start":{"line":132,"column":4},"end":{"line":145,"column":1}}}},"branchMap":{"0":{"loc":{"start":{"line":13,"column":29},"end":{"line":13,"column":68}},"type":"binary-expr","locations":[{"start":{"line":13,"column":29},"end":{"line":13,"column":63}},{"start":{"line":13,"column":67},"end":{"line":13,"column":68}}]},"1":{"loc":{"start":{"line":18,"column":8},"end":{"line":18,"column":71}},"type":"binary-expr","locations":[{"start":{"line":18,"column":8},"end":{"line":18,"column":43}},{"start":{"line":18,"column":47},"end":{"line":18,"column":71}}]},"2":{"loc":{"start":{"line":21,"column":19},"end":{"line":25,"column":19}},"type":"cond-expr","locations":[{"start":{"line":24,"column":9},"end":{"line":24,"column":36}},{"start":{"line":25,"column":8},"end":{"line":25,"column":19}}]},"3":{"loc":{"start":{"line":27,"column":6},"end":{"line":27,"column":52}},"type":"cond-expr","locations":[{"start":{"line":27,"column":38},"end":{"line":27,"column":43}},{"start":{"line":27,"column":46},"end":{"line":27,"column":52}}]},"4":{"loc":{"start":{"line":35,"column":16},"end":{"line":37,"column":19}},"type":"cond-expr","locations":[{"start":{"line":36,"column":10},"end":{"line":36,"column":48}},{"start":{"line":37,"column":10},"end":{"line":37,"column":19}}]},"5":{"loc":{"start":{"line":38,"column":16},"end":{"line":40,"column":19}},"type":"cond-expr","locations":[{"start":{"line":39,"column":10},"end":{"line":39,"column":48}},{"start":{"line":40,"column":10},"end":{"line":40,"column":19}}]}},"s":{"0":3,"1":3,"2":3,"3":1,"4":1,"5":1,"6":1,"7":1,"8":1,"9":1,"10":1,"11":1,"12":0,"13":3,"14":3,"15":2,"16":2,"17":2,"18":2,"19":1,"20":1,"21":3,"22":3,"23":1,"24":1,"25":1,"26":1,"27":1,"28":1,"29":0,"30":3,"31":3,"32":1,"33":1,"34":1,"35":1,"36":1,"37":1,"38":0,"39":3,"40":3,"41":1,"42":1,"43":1,"44":1,"45":1,"46":0,"47":3},"f":{"0":1,"1":1,"2":2,"3":2,"4":1,"5":1,"6":1,"7":1,"8":1,"9":1},"b":{"0":[1,1],"1":[1,1],"2":[0,1],"3":[0,1],"4":[0,1],"5":[0,1]}}
,"/Users/bongoslav/Documents/restaurant-finder/server/src/controllers/reviews.ts": {"path":"/Users/bongoslav/Documents/restaurant-finder/server/src/controllers/reviews.ts","statementMap":{"0":{"start":{"line":2,"column":0},"end":{"line":2,"column":59}},"1":{"start":{"line":3,"column":0},"end":{"line":3,"column":33}},"2":{"start":{"line":6,"column":42},"end":{"line":35,"column":2}},"3":{"start":{"line":10,"column":4},"end":{"line":35,"column":2}},"4":{"start":{"line":11,"column":2},"end":{"line":34,"column":null}},"5":{"start":{"line":12,"column":29},"end":{"line":12,"column":39}},"6":{"start":{"line":13,"column":17},"end":{"line":13,"column":56}},"7":{"start":{"line":14,"column":18},"end":{"line":14,"column":59}},"8":{"start":{"line":16,"column":19},"end":{"line":19,"column":null}},"9":{"start":{"line":22,"column":4},"end":{"line":31,"column":7}},"10":{"start":{"line":33,"column":4},"end":{"line":33,"column":16}},"11":{"start":{"line":6,"column":13},"end":{"line":6,"column":42}},"12":{"start":{"line":37,"column":25},"end":{"line":62,"column":2}},"13":{"start":{"line":41,"column":4},"end":{"line":62,"column":2}},"14":{"start":{"line":42,"column":2},"end":{"line":61,"column":null}},"15":{"start":{"line":43,"column":29},"end":{"line":43,"column":39}},"16":{"start":{"line":44,"column":19},"end":{"line":44,"column":54}},"17":{"start":{"line":45,"column":36},"end":{"line":45,"column":44}},"18":{"start":{"line":47,"column":23},"end":{"line":52,"column":null}},"19":{"start":{"line":55,"column":4},"end":{"line":58,"column":7}},"20":{"start":{"line":60,"column":4},"end":{"line":60,"column":16}},"21":{"start":{"line":37,"column":13},"end":{"line":37,"column":25}},"22":{"start":{"line":64,"column":38},"end":{"line":85,"column":2}},"23":{"start":{"line":68,"column":4},"end":{"line":85,"column":2}},"24":{"start":{"line":69,"column":2},"end":{"line":84,"column":null}},"25":{"start":{"line":70,"column":39},"end":{"line":70,"column":49}},"26":{"start":{"line":72,"column":27},"end":{"line":72,"column":55}},"27":{"start":{"line":73,"column":19},"end":{"line":75,"column":null}},"28":{"start":{"line":78,"column":4},"end":{"line":81,"column":7}},"29":{"start":{"line":83,"column":4},"end":{"line":83,"column":16}},"30":{"start":{"line":64,"column":13},"end":{"line":64,"column":38}},"31":{"start":{"line":87,"column":28},"end":{"line":100,"column":2}},"32":{"start":{"line":91,"column":4},"end":{"line":100,"column":2}},"33":{"start":{"line":92,"column":2},"end":{"line":99,"column":null}},"34":{"start":{"line":93,"column":39},"end":{"line":93,"column":49}},"35":{"start":{"line":94,"column":27},"end":{"line":94,"column":55}},"36":{"start":{"line":95,"column":4},"end":{"line":95,"column":67}},"37":{"start":{"line":96,"column":4},"end":{"line":96,"column":27}},"38":{"start":{"line":98,"column":4},"end":{"line":98,"column":16}},"39":{"start":{"line":87,"column":13},"end":{"line":87,"column":28}}},"fnMap":{"0":{"name":"(anonymous_13)","decl":{"start":{"line":6,"column":42},"end":{"line":6,"column":null}},"loc":{"start":{"line":10,"column":4},"end":{"line":35,"column":2}}},"1":{"name":"(anonymous_14)","decl":{"start":{"line":10,"column":4},"end":{"line":10,"column":null}},"loc":{"start":{"line":10,"column":4},"end":{"line":35,"column":1}}},"2":{"name":"(anonymous_15)","decl":{"start":{"line":37,"column":25},"end":{"line":37,"column":null}},"loc":{"start":{"line":41,"column":4},"end":{"line":62,"column":2}}},"3":{"name":"(anonymous_16)","decl":{"start":{"line":41,"column":4},"end":{"line":41,"column":null}},"loc":{"start":{"line":41,"column":4},"end":{"line":62,"column":1}}},"4":{"name":"(anonymous_17)","decl":{"start":{"line":64,"column":38},"end":{"line":64,"column":null}},"loc":{"start":{"line":68,"column":4},"end":{"line":85,"column":2}}},"5":{"name":"(anonymous_18)","decl":{"start":{"line":68,"column":4},"end":{"line":68,"column":null}},"loc":{"start":{"line":68,"column":4},"end":{"line":85,"column":1}}},"6":{"name":"(anonymous_19)","decl":{"start":{"line":87,"column":28},"end":{"line":87,"column":null}},"loc":{"start":{"line":91,"column":4},"end":{"line":100,"column":2}}},"7":{"name":"(anonymous_20)","decl":{"start":{"line":91,"column":4},"end":{"line":91,"column":null}},"loc":{"start":{"line":91,"column":4},"end":{"line":100,"column":1}}}},"branchMap":{"0":{"loc":{"start":{"line":13,"column":17},"end":{"line":13,"column":56}},"type":"binary-expr","locations":[{"start":{"line":13,"column":17},"end":{"line":13,"column":51}},{"start":{"line":13,"column":55},"end":{"line":13,"column":56}}]},"1":{"loc":{"start":{"line":14,"column":18},"end":{"line":14,"column":59}},"type":"binary-expr","locations":[{"start":{"line":14,"column":18},"end":{"line":14,"column":53}},{"start":{"line":14,"column":57},"end":{"line":14,"column":59}}]}},"s":{"0":3,"1":3,"2":3,"3":2,"4":2,"5":2,"6":2,"7":2,"8":2,"9":1,"10":1,"11":3,"12":3,"13":1,"14":1,"15":1,"16":1,"17":1,"18":1,"19":1,"20":0,"21":3,"22":3,"23":2,"24":2,"25":2,"26":2,"27":2,"28":1,"29":1,"30":3,"31":3,"32":1,"33":1,"34":1,"35":1,"36":1,"37":1,"38":0,"39":3},"f":{"0":2,"1":2,"2":1,"3":1,"4":2,"5":2,"6":1,"7":1},"b":{"0":[2,2],"1":[2,2]}}
,"/Users/bongoslav/Documents/restaurant-finder/server/src/middlewares/auth.ts": {"path":"/Users/bongoslav/Documents/restaurant-finder/server/src/middlewares/auth.ts","statementMap":{"0":{"start":{"line":2,"column":0},"end":{"line":2,"column":50}},"1":{"start":{"line":4,"column":0},"end":{"line":4,"column":23}},"2":{"start":{"line":5,"column":0},"end":{"line":5,"column":49}},"3":{"start":{"line":7,"column":26},"end":{"line":36,"column":2}},"4":{"start":{"line":11,"column":4},"end":{"line":36,"column":2}},"5":{"start":{"line":12,"column":21},"end":{"line":12,"column":49}},"6":{"start":{"line":15,"column":2},"end":{"line":17,"column":null}},"7":{"start":{"line":16,"column":4},"end":{"line":16,"column":43}},"8":{"start":{"line":19,"column":2},"end":{"line":21,"column":null}},"9":{"start":{"line":20,"column":4},"end":{"line":20,"column":64}},"10":{"start":{"line":23,"column":2},"end":{"line":35,"column":null}},"11":{"start":{"line":24,"column":20},"end":{"line":24,"column":72}},"12":{"start":{"line":26,"column":4},"end":{"line":26,"column":42}},"13":{"start":{"line":28,"column":4},"end":{"line":28,"column":11}},"14":{"start":{"line":30,"column":4},"end":{"line":34,"column":null}},"15":{"start":{"line":31,"column":6},"end":{"line":31,"column":45}},"16":{"start":{"line":33,"column":6},"end":{"line":33,"column":54}},"17":{"start":{"line":7,"column":13},"end":{"line":7,"column":26}}},"fnMap":{"0":{"name":"(anonymous_7)","decl":{"start":{"line":7,"column":26},"end":{"line":7,"column":null}},"loc":{"start":{"line":11,"column":4},"end":{"line":36,"column":2}}},"1":{"name":"(anonymous_8)","decl":{"start":{"line":11,"column":4},"end":{"line":11,"column":null}},"loc":{"start":{"line":11,"column":4},"end":{"line":36,"column":1}}}},"branchMap":{"0":{"loc":{"start":{"line":15,"column":2},"end":{"line":17,"column":null}},"type":"if","locations":[{"start":{"line":15,"column":2},"end":{"line":17,"column":null}}]},"1":{"loc":{"start":{"line":15,"column":6},"end":{"line":15,"column":72}},"type":"binary-expr","locations":[{"start":{"line":15,"column":6},"end":{"line":15,"column":36}},{"start":{"line":15,"column":40},"end":{"line":15,"column":72}}]},"2":{"loc":{"start":{"line":19,"column":2},"end":{"line":21,"column":null}},"type":"if","locations":[{"start":{"line":19,"column":2},"end":{"line":21,"column":null}}]},"3":{"loc":{"start":{"line":30,"column":4},"end":{"line":34,"column":null}},"type":"if","locations":[{"start":{"line":30,"column":4},"end":{"line":34,"column":null}},{"start":{"line":32,"column":11},"end":{"line":34,"column":null}}]}},"s":{"0":3,"1":3,"2":3,"3":3,"4":33,"5":33,"6":33,"7":22,"8":33,"9":11,"10":22,"11":22,"12":22,"13":22,"14":0,"15":0,"16":0,"17":3},"f":{"0":33,"1":33},"b":{"0":[22],"1":[33,22],"2":[11],"3":[0,0]}}
,"/Users/bongoslav/Documents/restaurant-finder/server/src/middlewares/isRestaurantOwner.ts": {"path":"/Users/bongoslav/Documents/restaurant-finder/server/src/middlewares/isRestaurantOwner.ts","statementMap":{"0":{"start":{"line":2,"column":0},"end":{"line":2,"column":40}},"1":{"start":{"line":3,"column":0},"end":{"line":3,"column":52}},"2":{"start":{"line":5,"column":0},"end":{"line":5,"column":35}},"3":{"start":{"line":6,"column":0},"end":{"line":6,"column":49}},"4":{"start":{"line":8,"column":33},"end":{"line":31,"column":2}},"5":{"start":{"line":12,"column":4},"end":{"line":31,"column":2}},"6":{"start":{"line":13,"column":23},"end":{"line":13,"column":52}},"7":{"start":{"line":14,"column":21},"end":{"line":14,"column":61}},"8":{"start":{"line":15,"column":2},"end":{"line":17,"column":null}},"9":{"start":{"line":16,"column":4},"end":{"line":16,"column":59}},"10":{"start":{"line":19,"column":15},"end":{"line":19,"column":48}},"11":{"start":{"line":20,"column":2},"end":{"line":22,"column":null}},"12":{"start":{"line":21,"column":4},"end":{"line":21,"column":53}},"13":{"start":{"line":24,"column":18},"end":{"line":24,"column":36}},"14":{"start":{"line":26,"column":2},"end":{"line":28,"column":null}},"15":{"start":{"line":27,"column":4},"end":{"line":27,"column":79}},"16":{"start":{"line":30,"column":2},"end":{"line":30,"column":9}},"17":{"start":{"line":8,"column":13},"end":{"line":8,"column":33}}},"fnMap":{"0":{"name":"(anonymous_8)","decl":{"start":{"line":8,"column":33},"end":{"line":8,"column":null}},"loc":{"start":{"line":12,"column":4},"end":{"line":31,"column":2}}},"1":{"name":"(anonymous_9)","decl":{"start":{"line":12,"column":4},"end":{"line":12,"column":null}},"loc":{"start":{"line":12,"column":4},"end":{"line":31,"column":1}}}},"branchMap":{"0":{"loc":{"start":{"line":15,"column":2},"end":{"line":17,"column":null}},"type":"if","locations":[{"start":{"line":15,"column":2},"end":{"line":17,"column":null}}]},"1":{"loc":{"start":{"line":20,"column":2},"end":{"line":22,"column":null}},"type":"if","locations":[{"start":{"line":20,"column":2},"end":{"line":22,"column":null}}]},"2":{"loc":{"start":{"line":26,"column":2},"end":{"line":28,"column":null}},"type":"if","locations":[{"start":{"line":26,"column":2},"end":{"line":28,"column":null}}]}},"s":{"0":3,"1":3,"2":3,"3":3,"4":3,"5":6,"6":6,"7":6,"8":6,"9":2,"10":4,"11":4,"12":0,"13":4,"14":4,"15":2,"16":2,"17":3},"f":{"0":6,"1":6},"b":{"0":[2],"1":[0],"2":[2]}}
,"/Users/bongoslav/Documents/restaurant-finder/server/src/middlewares/isReviewAuthor.ts": {"path":"/Users/bongoslav/Documents/restaurant-finder/server/src/middlewares/isReviewAuthor.ts","statementMap":{"0":{"start":{"line":2,"column":0},"end":{"line":2,"column":35}},"1":{"start":{"line":4,"column":0},"end":{"line":4,"column":52}},"2":{"start":{"line":5,"column":0},"end":{"line":5,"column":49}},"3":{"start":{"line":7,"column":30},"end":{"line":38,"column":2}},"4":{"start":{"line":11,"column":4},"end":{"line":38,"column":2}},"5":{"start":{"line":12,"column":2},"end":{"line":37,"column":null}},"6":{"start":{"line":13,"column":25},"end":{"line":13,"column":54}},"7":{"start":{"line":14,"column":39},"end":{"line":14,"column":49}},"8":{"start":{"line":15,"column":27},"end":{"line":15,"column":49}},"9":{"start":{"line":17,"column":23},"end":{"line":17,"column":62}},"10":{"start":{"line":18,"column":4},"end":{"line":20,"column":null}},"11":{"start":{"line":19,"column":6},"end":{"line":19,"column":54}},"12":{"start":{"line":22,"column":19},"end":{"line":23,"column":null}},"13":{"start":{"line":23,"column":6},"end":{"line":23,"column":39}},"14":{"start":{"line":25,"column":4},"end":{"line":27,"column":null}},"15":{"start":{"line":26,"column":6},"end":{"line":26,"column":50}},"16":{"start":{"line":29,"column":21},"end":{"line":29,"column":55}},"17":{"start":{"line":30,"column":4},"end":{"line":32,"column":null}},"18":{"start":{"line":31,"column":6},"end":{"line":31,"column":75}},"19":{"start":{"line":34,"column":4},"end":{"line":34,"column":11}},"20":{"start":{"line":36,"column":4},"end":{"line":36,"column":16}},"21":{"start":{"line":7,"column":13},"end":{"line":7,"column":30}}},"fnMap":{"0":{"name":"(anonymous_8)","decl":{"start":{"line":7,"column":30},"end":{"line":7,"column":null}},"loc":{"start":{"line":11,"column":4},"end":{"line":38,"column":2}}},"1":{"name":"(anonymous_9)","decl":{"start":{"line":11,"column":4},"end":{"line":11,"column":null}},"loc":{"start":{"line":11,"column":4},"end":{"line":38,"column":1}}},"2":{"name":"(anonymous_10)","decl":{"start":{"line":22,"column":43},"end":{"line":22,"column":44}},"loc":{"start":{"line":23,"column":6},"end":{"line":23,"column":39}}}},"branchMap":{"0":{"loc":{"start":{"line":18,"column":4},"end":{"line":20,"column":null}},"type":"if","locations":[{"start":{"line":18,"column":4},"end":{"line":20,"column":null}}]},"1":{"loc":{"start":{"line":25,"column":4},"end":{"line":27,"column":null}},"type":"if","locations":[{"start":{"line":25,"column":4},"end":{"line":27,"column":null}}]},"2":{"loc":{"start":{"line":30,"column":4},"end":{"line":32,"column":null}},"type":"if","locations":[{"start":{"line":30,"column":4},"end":{"line":32,"column":null}}]}},"s":{"0":3,"1":3,"2":3,"3":3,"4":3,"5":3,"6":3,"7":3,"8":3,"9":3,"10":3,"11":0,"12":3,"13":3,"14":3,"15":1,"16":2,"17":2,"18":1,"19":1,"20":2,"21":3},"f":{"0":3,"1":3,"2":3},"b":{"0":[0],"1":[1],"2":[1]}}
,"/Users/bongoslav/Documents/restaurant-finder/server/src/middlewares/validateRequest.ts": {"path":"/Users/bongoslav/Documents/restaurant-finder/server/src/middlewares/validateRequest.ts","statementMap":{"0":{"start":{"line":3,"column":0},"end":{"line":3,"column":65}},"1":{"start":{"line":5,"column":31},"end":{"line":15,"column":1}},"2":{"start":{"line":6,"column":2},"end":{"line":14,"column":4}},"3":{"start":{"line":7,"column":22},"end":{"line":7,"column":70}},"4":{"start":{"line":9,"column":4},"end":{"line":11,"column":null}},"5":{"start":{"line":10,"column":6},"end":{"line":10,"column":38}},"6":{"start":{"line":13,"column":4},"end":{"line":13,"column":11}},"7":{"start":{"line":5,"column":13},"end":{"line":5,"column":31}}},"fnMap":{"0":{"name":"(anonymous_0)","decl":{"start":{"line":5,"column":31},"end":{"line":5,"column":32}},"loc":{"start":{"line":5,"column":60},"end":{"line":15,"column":1}}},"1":{"name":"(anonymous_1)","decl":{"start":{"line":6,"column":9},"end":{"line":6,"column":10}},"loc":{"start":{"line":6,"column":61},"end":{"line":14,"column":3}}}},"branchMap":{"0":{"loc":{"start":{"line":9,"column":4},"end":{"line":11,"column":null}},"type":"if","locations":[{"start":{"line":9,"column":4},"end":{"line":11,"column":null}}]}},"s":{"0":3,"1":3,"2":15,"3":10,"4":10,"5":3,"6":7,"7":3},"f":{"0":15,"1":10},"b":{"0":[3]}}
,"/Users/bongoslav/Documents/restaurant-finder/server/src/models/restaurant.model.ts": {"path":"/Users/bongoslav/Documents/restaurant-finder/server/src/models/restaurant.model.ts","statementMap":{"0":{"start":{"line":1,"column":0},"end":{"line":1,"column":43}},"1":{"start":{"line":23,"column":21},"end":{"line":48,"column":null}},"2":{"start":{"line":51,"column":25},"end":{"line":97,"column":null}},"3":{"start":{"line":75,"column":10},"end":{"line":75,"column":74}},"4":{"start":{"line":75,"column":42},"end":{"line":75,"column":72}},"5":{"start":{"line":78,"column":10},"end":{"line":78,"column":46}},"6":{"start":{"line":101,"column":0},"end":{"line":101,"column":39}},"7":{"start":{"line":102,"column":0},"end":{"line":102,"column":42}},"8":{"start":{"line":103,"column":0},"end":{"line":103,"column":48}},"9":{"start":{"line":105,"column":19},"end":{"line":105,"column":78}},"10":{"start":{"line":107,"column":0},"end":{"line":107,"column":26}}},"fnMap":{"0":{"name":"(anonymous_1)","decl":{"start":{"line":74,"column":19},"end":{"line":74,"column":29}},"loc":{"start":{"line":74,"column":40},"end":{"line":76,"column":9}}},"1":{"name":"(anonymous_2)","decl":{"start":{"line":75,"column":25},"end":{"line":75,"column":26}},"loc":{"start":{"line":75,"column":42},"end":{"line":75,"column":72}}},"2":{"name":"(anonymous_3)","decl":{"start":{"line":77,"column":17},"end":{"line":77,"column":18}},"loc":{"start":{"line":78,"column":10},"end":{"line":78,"column":46}}}},"branchMap":{},"s":{"0":3,"1":3,"2":3,"3":29,"4":0,"5":0,"6":3,"7":3,"8":3,"9":3,"10":3},"f":{"0":29,"1":0,"2":0},"b":{}}
,"/Users/bongoslav/Documents/restaurant-finder/server/src/models/user.model.ts": {"path":"/Users/bongoslav/Documents/restaurant-finder/server/src/models/user.model.ts","statementMap":{"0":{"start":{"line":1,"column":0},"end":{"line":1,"column":43}},"1":{"start":{"line":2,"column":0},"end":{"line":2,"column":28}},"2":{"start":{"line":15,"column":19},"end":{"line":58,"column":null}},"3":{"start":{"line":26,"column":10},"end":{"line":26,"column":44}},"4":{"start":{"line":29,"column":10},"end":{"line":29,"column":98}},"5":{"start":{"line":40,"column":10},"end":{"line":40,"column":71}},"6":{"start":{"line":61,"column":0},"end":{"line":68,"column":3}},"7":{"start":{"line":63,"column":15},"end":{"line":63,"column":19}},"8":{"start":{"line":64,"column":2},"end":{"line":66,"column":null}},"9":{"start":{"line":65,"column":4},"end":{"line":65,"column":56}},"10":{"start":{"line":67,"column":2},"end":{"line":67,"column":9}},"11":{"start":{"line":70,"column":13},"end":{"line":70,"column":54}},"12":{"start":{"line":72,"column":0},"end":{"line":72,"column":20}}},"fnMap":{"0":{"name":"(anonymous_8)","decl":{"start":{"line":23,"column":19},"end":{"line":23,"column":29}},"loc":{"start":{"line":23,"column":38},"end":{"line":27,"column":9}}},"1":{"name":"(anonymous_9)","decl":{"start":{"line":28,"column":17},"end":{"line":28,"column":18}},"loc":{"start":{"line":29,"column":10},"end":{"line":29,"column":98}}},"2":{"name":"(anonymous_10)","decl":{"start":{"line":39,"column":19},"end":{"line":39,"column":29}},"loc":{"start":{"line":39,"column":38},"end":{"line":41,"column":9}}},"3":{"name":"(anonymous_11)","decl":{"start":{"line":61,"column":23},"end":{"line":61,"column":39}},"loc":{"start":{"line":61,"column":43},"end":{"line":68,"column":2}}}},"branchMap":{"0":{"loc":{"start":{"line":64,"column":2},"end":{"line":66,"column":null}},"type":"if","locations":[{"start":{"line":64,"column":2},"end":{"line":66,"column":null}}]}},"s":{"0":3,"1":3,"2":3,"3":67,"4":0,"5":67,"6":3,"7":67,"8":67,"9":48,"10":67,"11":3,"12":3},"f":{"0":67,"1":0,"2":67,"3":67},"b":{"0":[48]}}
,"/Users/bongoslav/Documents/restaurant-finder/server/src/routes/auth.ts": {"path":"/Users/bongoslav/Documents/restaurant-finder/server/src/routes/auth.ts","statementMap":{"0":{"start":{"line":1,"column":0},"end":{"line":1,"column":30}},"1":{"start":{"line":2,"column":0},"end":{"line":2,"column":null}},"2":{"start":{"line":11,"column":0},"end":{"line":11,"column":49}},"3":{"start":{"line":12,"column":0},"end":{"line":12,"column":65}},"4":{"start":{"line":13,"column":0},"end":{"line":13,"column":null}},"5":{"start":{"line":19,"column":15},"end":{"line":19,"column":24}},"6":{"start":{"line":21,"column":0},"end":{"line":21,"column":46}},"7":{"start":{"line":22,"column":0},"end":{"line":22,"column":76}},"8":{"start":{"line":23,"column":0},"end":{"line":23,"column":67}},"9":{"start":{"line":24,"column":0},"end":{"line":24,"column":47}},"10":{"start":{"line":25,"column":0},"end":{"line":25,"column":44}},"11":{"start":{"line":27,"column":0},"end":{"line":27,"column":50}},"12":{"start":{"line":28,"column":0},"end":{"line":33,"column":2}},"13":{"start":{"line":35,"column":0},"end":{"line":35,"column":22}}},"fnMap":{},"branchMap":{},"s":{"0":3,"1":3,"2":3,"3":3,"4":3,"5":3,"6":3,"7":3,"8":3,"9":3,"10":3,"11":3,"12":3,"13":3},"f":{},"b":{}}
,"/Users/bongoslav/Documents/restaurant-finder/server/src/routes/restaurants.ts": {"path":"/Users/bongoslav/Documents/restaurant-finder/server/src/routes/restaurants.ts","statementMap":{"0":{"start":{"line":1,"column":0},"end":{"line":1,"column":30}},"1":{"start":{"line":2,"column":0},"end":{"line":2,"column":null}},"2":{"start":{"line":9,"column":0},"end":{"line":9,"column":49}},"3":{"start":{"line":10,"column":0},"end":{"line":10,"column":69}},"4":{"start":{"line":11,"column":0},"end":{"line":11,"column":65}},"5":{"start":{"line":12,"column":0},"end":{"line":12,"column":64}},"6":{"start":{"line":14,"column":15},"end":{"line":14,"column":24}},"7":{"start":{"line":16,"column":0},"end":{"line":16,"column":47}},"8":{"start":{"line":17,"column":0},"end":{"line":17,"column":38}},"9":{"start":{"line":18,"column":0},"end":{"line":23,"column":2}},"10":{"start":{"line":24,"column":0},"end":{"line":24,"column":68}},"11":{"start":{"line":25,"column":0},"end":{"line":25,"column":71}},"12":{"start":{"line":27,"column":0},"end":{"line":27,"column":22}}},"fnMap":{},"branchMap":{},"s":{"0":3,"1":3,"2":3,"3":3,"4":3,"5":3,"6":3,"7":3,"8":3,"9":3,"10":3,"11":3,"12":3},"f":{},"b":{}}
,"/Users/bongoslav/Documents/restaurant-finder/server/src/routes/reviews.ts": {"path":"/Users/bongoslav/Documents/restaurant-finder/server/src/routes/reviews.ts","statementMap":{"0":{"start":{"line":1,"column":0},"end":{"line":1,"column":30}},"1":{"start":{"line":2,"column":0},"end":{"line":2,"column":null}},"2":{"start":{"line":8,"column":0},"end":{"line":8,"column":49}},"3":{"start":{"line":9,"column":0},"end":{"line":9,"column":63}},"4":{"start":{"line":10,"column":0},"end":{"line":10,"column":65}},"5":{"start":{"line":11,"column":0},"end":{"line":11,"column":57}},"6":{"start":{"line":13,"column":15},"end":{"line":13,"column":24}},"7":{"start":{"line":15,"column":0},"end":{"line":15,"column":65}},"8":{"start":{"line":16,"column":0},"end":{"line":21,"column":2}},"9":{"start":{"line":22,"column":0},"end":{"line":26,"column":2}},"10":{"start":{"line":27,"column":0},"end":{"line":32,"column":2}},"11":{"start":{"line":34,"column":0},"end":{"line":34,"column":22}}},"fnMap":{},"branchMap":{},"s":{"0":3,"1":3,"2":3,"3":3,"4":3,"5":3,"6":3,"7":3,"8":3,"9":3,"10":3,"11":3},"f":{},"b":{}}
,"/Users/bongoslav/Documents/restaurant-finder/server/src/services/authService.ts": {"path":"/Users/bongoslav/Documents/restaurant-finder/server/src/services/authService.ts","statementMap":{"0":{"start":{"line":1,"column":0},"end":{"line":1,"column":35}},"1":{"start":{"line":2,"column":0},"end":{"line":2,"column":40}},"2":{"start":{"line":3,"column":0},"end":{"line":3,"column":28}},"3":{"start":{"line":4,"column":0},"end":{"line":4,"column":75}},"4":{"start":{"line":20,"column":30},"end":{"line":28,"column":2}},"5":{"start":{"line":20,"column":55},"end":{"line":28,"column":2}},"6":{"start":{"line":21,"column":23},"end":{"line":21,"column":43}},"7":{"start":{"line":23,"column":15},"end":{"line":23,"column":48}},"8":{"start":{"line":24,"column":2},"end":{"line":26,"column":null}},"9":{"start":{"line":25,"column":4},"end":{"line":25,"column":46}},"10":{"start":{"line":27,"column":2},"end":{"line":27,"column":14}},"11":{"start":{"line":20,"column":13},"end":{"line":20,"column":30}},"12":{"start":{"line":30,"column":28},"end":{"line":64,"column":2}},"13":{"start":{"line":30,"column":65},"end":{"line":64,"column":2}},"14":{"start":{"line":31,"column":46},"end":{"line":31,"column":54}},"15":{"start":{"line":33,"column":23},"end":{"line":33,"column":77}},"16":{"start":{"line":34,"column":2},"end":{"line":40,"column":null}},"17":{"start":{"line":35,"column":4},"end":{"line":39,"column":null}},"18":{"start":{"line":36,"column":6},"end":{"line":36,"column":53}},"19":{"start":{"line":38,"column":6},"end":{"line":38,"column":56}},"20":{"start":{"line":42,"column":25},"end":{"line":42,"column":56}},"21":{"start":{"line":44,"column":18},"end":{"line":49,"column":4}},"22":{"start":{"line":51,"column":2},"end":{"line":59,"column":null}},"23":{"start":{"line":52,"column":4},"end":{"line":52,"column":25}},"24":{"start":{"line":54,"column":4},"end":{"line":54,"column":51}},"25":{"start":{"line":55,"column":4},"end":{"line":57,"column":null}},"26":{"start":{"line":56,"column":6},"end":{"line":56,"column":38}},"27":{"start":{"line":58,"column":4},"end":{"line":58,"column":55}},"28":{"start":{"line":61,"column":21},"end":{"line":61,"column":39}},"29":{"start":{"line":62,"column":2},"end":{"line":62,"column":29}},"30":{"start":{"line":63,"column":2},"end":{"line":63,"column":20}},"31":{"start":{"line":30,"column":13},"end":{"line":30,"column":28}},"32":{"start":{"line":66,"column":33},"end":{"line":78,"column":2}},"33":{"start":{"line":66,"column":75},"end":{"line":78,"column":2}},"34":{"start":{"line":67,"column":15},"end":{"line":67,"column":44}},"35":{"start":{"line":68,"column":2},"end":{"line":70,"column":null}},"36":{"start":{"line":69,"column":4},"end":{"line":69,"column":57}},"37":{"start":{"line":72,"column":18},"end":{"line":72,"column":63}},"38":{"start":{"line":73,"column":2},"end":{"line":75,"column":null}},"39":{"start":{"line":74,"column":4},"end":{"line":74,"column":57}},"40":{"start":{"line":77,"column":2},"end":{"line":77,"column":14}},"41":{"start":{"line":66,"column":13},"end":{"line":66,"column":33}},"42":{"start":{"line":80,"column":26},"end":{"line":86,"column":2}},"43":{"start":{"line":80,"column":51},"end":{"line":86,"column":2}},"44":{"start":{"line":81,"column":15},"end":{"line":81,"column":51}},"45":{"start":{"line":82,"column":2},"end":{"line":84,"column":null}},"46":{"start":{"line":83,"column":4},"end":{"line":83,"column":46}},"47":{"start":{"line":85,"column":2},"end":{"line":85,"column":14}},"48":{"start":{"line":80,"column":13},"end":{"line":80,"column":26}},"49":{"start":{"line":88,"column":27},"end":{"line":94,"column":2}},"50":{"start":{"line":88,"column":52},"end":{"line":94,"column":2}},"51":{"start":{"line":89,"column":15},"end":{"line":89,"column":42}},"52":{"start":{"line":90,"column":2},"end":{"line":92,"column":null}},"53":{"start":{"line":91,"column":4},"end":{"line":91,"column":46}},"54":{"start":{"line":93,"column":2},"end":{"line":93,"column":14}},"55":{"start":{"line":88,"column":13},"end":{"line":88,"column":27}},"56":{"start":{"line":96,"column":26},"end":{"line":137,"column":2}},"57":{"start":{"line":99,"column":4},"end":{"line":137,"column":2}},"58":{"start":{"line":100,"column":23},"end":{"line":100,"column":43}},"59":{"start":{"line":102,"column":15},"end":{"line":102,"column":48}},"60":{"start":{"line":103,"column":2},"end":{"line":105,"column":null}},"61":{"start":{"line":104,"column":4},"end":{"line":104,"column":46}},"62":{"start":{"line":107,"column":2},"end":{"line":113,"column":null}},"63":{"start":{"line":108,"column":25},"end":{"line":108,"column":78}},"64":{"start":{"line":109,"column":4},"end":{"line":111,"column":null}},"65":{"start":{"line":110,"column":6},"end":{"line":110,"column":59}},"66":{"start":{"line":112,"column":4},"end":{"line":112,"column":40}},"67":{"start":{"line":115,"column":2},"end":{"line":121,"column":null}},"68":{"start":{"line":116,"column":25},"end":{"line":116,"column":72}},"69":{"start":{"line":117,"column":4},"end":{"line":119,"column":null}},"70":{"start":{"line":118,"column":6},"end":{"line":118,"column":57}},"71":{"start":{"line":120,"column":4},"end":{"line":120,"column":34}},"72":{"start":{"line":123,"column":2},"end":{"line":126,"column":null}},"73":{"start":{"line":124,"column":17},"end":{"line":124,"column":41}},"74":{"start":{"line":125,"column":4},"end":{"line":125,"column":65}},"75":{"start":{"line":128,"column":2},"end":{"line":130,"column":null}},"76":{"start":{"line":129,"column":4},"end":{"line":129,"column":32}},"77":{"start":{"line":132,"column":2},"end":{"line":132,"column":20}},"78":{"start":{"line":134,"column":22},"end":{"line":134,"column":37}},"79":{"start":{"line":135,"column":2},"end":{"line":135,"column":30}},"80":{"start":{"line":136,"column":2},"end":{"line":136,"column":21}},"81":{"start":{"line":96,"column":13},"end":{"line":96,"column":26}}},"fnMap":{"0":{"name":"(anonymous_8)","decl":{"start":{"line":20,"column":30},"end":{"line":20,"column":37}},"loc":{"start":{"line":20,"column":55},"end":{"line":28,"column":2}}},"1":{"name":"(anonymous_9)","decl":{"start":{"line":20,"column":55},"end":{"line":20,"column":null}},"loc":{"start":{"line":20,"column":55},"end":{"line":28,"column":1}}},"2":{"name":"(anonymous_10)","decl":{"start":{"line":30,"column":28},"end":{"line":30,"column":35}},"loc":{"start":{"line":30,"column":65},"end":{"line":64,"column":2}}},"3":{"name":"(anonymous_11)","decl":{"start":{"line":30,"column":65},"end":{"line":30,"column":null}},"loc":{"start":{"line":30,"column":65},"end":{"line":64,"column":1}}},"4":{"name":"(anonymous_12)","decl":{"start":{"line":66,"column":33},"end":{"line":66,"column":40}},"loc":{"start":{"line":66,"column":75},"end":{"line":78,"column":2}}},"5":{"name":"(anonymous_13)","decl":{"start":{"line":66,"column":75},"end":{"line":66,"column":null}},"loc":{"start":{"line":66,"column":75},"end":{"line":78,"column":1}}},"6":{"name":"(anonymous_14)","decl":{"start":{"line":80,"column":26},"end":{"line":80,"column":33}},"loc":{"start":{"line":80,"column":51},"end":{"line":86,"column":2}}},"7":{"name":"(anonymous_15)","decl":{"start":{"line":80,"column":51},"end":{"line":80,"column":null}},"loc":{"start":{"line":80,"column":51},"end":{"line":86,"column":1}}},"8":{"name":"(anonymous_16)","decl":{"start":{"line":88,"column":27},"end":{"line":88,"column":34}},"loc":{"start":{"line":88,"column":52},"end":{"line":94,"column":2}}},"9":{"name":"(anonymous_17)","decl":{"start":{"line":88,"column":52},"end":{"line":88,"column":null}},"loc":{"start":{"line":88,"column":52},"end":{"line":94,"column":1}}},"10":{"name":"(anonymous_18)","decl":{"start":{"line":96,"column":26},"end":{"line":96,"column":null}},"loc":{"start":{"line":99,"column":4},"end":{"line":137,"column":2}}},"11":{"name":"(anonymous_19)","decl":{"start":{"line":99,"column":4},"end":{"line":99,"column":null}},"loc":{"start":{"line":99,"column":4},"end":{"line":137,"column":1}}}},"branchMap":{"0":{"loc":{"start":{"line":24,"column":2},"end":{"line":26,"column":null}},"type":"if","locations":[{"start":{"line":24,"column":2},"end":{"line":26,"column":null}}]},"1":{"loc":{"start":{"line":34,"column":2},"end":{"line":40,"column":null}},"type":"if","locations":[{"start":{"line":34,"column":2},"end":{"line":40,"column":null}}]},"2":{"loc":{"start":{"line":35,"column":4},"end":{"line":39,"column":null}},"type":"if","locations":[{"start":{"line":35,"column":4},"end":{"line":39,"column":null}},{"start":{"line":37,"column":11},"end":{"line":39,"column":null}}]},"3":{"loc":{"start":{"line":55,"column":4},"end":{"line":57,"column":null}},"type":"if","locations":[{"start":{"line":55,"column":4},"end":{"line":57,"column":null}}]},"4":{"loc":{"start":{"line":68,"column":2},"end":{"line":70,"column":null}},"type":"if","locations":[{"start":{"line":68,"column":2},"end":{"line":70,"column":null}}]},"5":{"loc":{"start":{"line":73,"column":2},"end":{"line":75,"column":null}},"type":"if","locations":[{"start":{"line":73,"column":2},"end":{"line":75,"column":null}}]},"6":{"loc":{"start":{"line":82,"column":2},"end":{"line":84,"column":null}},"type":"if","locations":[{"start":{"line":82,"column":2},"end":{"line":84,"column":null}}]},"7":{"loc":{"start":{"line":90,"column":2},"end":{"line":92,"column":null}},"type":"if","locations":[{"start":{"line":90,"column":2},"end":{"line":92,"column":null}}]},"8":{"loc":{"start":{"line":103,"column":2},"end":{"line":105,"column":null}},"type":"if","locations":[{"start":{"line":103,"column":2},"end":{"line":105,"column":null}}]},"9":{"loc":{"start":{"line":107,"column":2},"end":{"line":113,"column":null}},"type":"if","locations":[{"start":{"line":107,"column":2},"end":{"line":113,"column":null}}]},"10":{"loc":{"start":{"line":109,"column":4},"end":{"line":111,"column":null}},"type":"if","locations":[{"start":{"line":109,"column":4},"end":{"line":111,"column":null}}]},"11":{"loc":{"start":{"line":109,"column":8},"end":{"line":109,"column":57}},"type":"binary-expr","locations":[{"start":{"line":109,"column":8},"end":{"line":109,"column":20}},{"start":{"line":109,"column":24},"end":{"line":109,"column":57}}]},"12":{"loc":{"start":{"line":115,"column":2},"end":{"line":121,"column":null}},"type":"if","locations":[{"start":{"line":115,"column":2},"end":{"line":121,"column":null}}]},"13":{"loc":{"start":{"line":117,"column":4},"end":{"line":119,"column":null}},"type":"if","locations":[{"start":{"line":117,"column":4},"end":{"line":119,"column":null}}]},"14":{"loc":{"start":{"line":117,"column":8},"end":{"line":117,"column":57}},"type":"binary-expr","locations":[{"start":{"line":117,"column":8},"end":{"line":117,"column":20}},{"start":{"line":117,"column":24},"end":{"line":117,"column":57}}]},"15":{"loc":{"start":{"line":123,"column":2},"end":{"line":126,"column":null}},"type":"if","locations":[{"start":{"line":123,"column":2},"end":{"line":126,"column":null}}]},"16":{"loc":{"start":{"line":128,"column":2},"end":{"line":130,"column":null}},"type":"if","locations":[{"start":{"line":128,"column":2},"end":{"line":130,"column":null}}]}},"s":{"0":3,"1":3,"2":3,"3":3,"4":3,"5":1,"6":1,"7":1,"8":1,"9":0,"10":1,"11":3,"12":3,"13":1,"14":1,"15":1,"16":1,"17":0,"18":0,"19":0,"20":1,"21":1,"22":1,"23":1,"24":0,"25":0,"26":0,"27":0,"28":1,"29":1,"30":1,"31":3,"32":3,"33":2,"34":2,"35":2,"36":0,"37":2,"38":2,"39":1,"40":1,"41":3,"42":3,"43":0,"44":0,"45":0,"46":0,"47":0,"48":3,"49":3,"50":2,"51":2,"52":2,"53":1,"54":1,"55":3,"56":3,"57":1,"58":1,"59":1,"60":1,"61":0,"62":1,"63":0,"64":0,"65":0,"66":0,"67":1,"68":1,"69":1,"70":0,"71":1,"72":1,"73":0,"74":0,"75":1,"76":1,"77":1,"78":1,"79":1,"80":1,"81":3},"f":{"0":1,"1":1,"2":1,"3":1,"4":2,"5":2,"6":0,"7":0,"8":2,"9":2,"10":1,"11":1},"b":{"0":[0],"1":[0],"2":[0,0],"3":[0],"4":[0],"5":[1],"6":[0],"7":[1],"8":[0],"9":[0],"10":[0],"11":[0,0],"12":[1],"13":[0],"14":[1,0],"15":[0],"16":[1]}}
,"/Users/bongoslav/Documents/restaurant-finder/server/src/services/restaurantService.ts": {"path":"/Users/bongoslav/Documents/restaurant-finder/server/src/services/restaurantService.ts","statementMap":{"0":{"start":{"line":1,"column":0},"end":{"line":1,"column":61}},"1":{"start":{"line":2,"column":0},"end":{"line":2,"column":69}},"2":{"start":{"line":3,"column":0},"end":{"line":3,"column":49}},"3":{"start":{"line":36,"column":33},"end":{"line":92,"column":2}},"4":{"start":{"line":36,"column":77},"end":{"line":92,"column":2}},"5":{"start":{"line":38,"column":4},"end":{"line":38,"column":11}},"6":{"start":{"line":40,"column":47},"end":{"line":40,"column":49}},"7":{"start":{"line":41,"column":2},"end":{"line":41,"column":44}},"8":{"start":{"line":41,"column":15},"end":{"line":41,"column":44}},"9":{"start":{"line":42,"column":2},"end":{"line":46,"column":null}},"10":{"start":{"line":43,"column":4},"end":{"line":43,"column":31}},"11":{"start":{"line":44,"column":4},"end":{"line":44,"column":70}},"12":{"start":{"line":44,"column":32},"end":{"line":44,"column":70}},"13":{"start":{"line":45,"column":4},"end":{"line":45,"column":70}},"14":{"start":{"line":45,"column":32},"end":{"line":45,"column":70}},"15":{"start":{"line":48,"column":47},"end":{"line":77,"column":4}},"16":{"start":{"line":79,"column":22},"end":{"line":80,"column":null}},"17":{"start":{"line":83,"column":16},"end":{"line":83,"column":59}},"18":{"start":{"line":85,"column":2},"end":{"line":91,"column":4}},"19":{"start":{"line":36,"column":13},"end":{"line":36,"column":33}},"20":{"start":{"line":94,"column":33},"end":{"line":134,"column":2}},"21":{"start":{"line":94,"column":54},"end":{"line":134,"column":2}},"22":{"start":{"line":95,"column":2},"end":{"line":97,"column":null}},"23":{"start":{"line":96,"column":4},"end":{"line":96,"column":53}},"24":{"start":{"line":99,"column":47},"end":{"line":125,"column":4}},"25":{"start":{"line":127,"column":21},"end":{"line":127,"column":68}},"26":{"start":{"line":129,"column":2},"end":{"line":131,"column":null}},"27":{"start":{"line":130,"column":4},"end":{"line":130,"column":52}},"28":{"start":{"line":133,"column":2},"end":{"line":133,"column":20}},"29":{"start":{"line":94,"column":13},"end":{"line":94,"column":33}},"30":{"start":{"line":136,"column":32},"end":{"line":179,"column":2}},"31":{"start":{"line":143,"column":4},"end":{"line":179,"column":2}},"32":{"start":{"line":144,"column":23},"end":{"line":144,"column":49}},"33":{"start":{"line":146,"column":24},"end":{"line":155,"column":4}},"34":{"start":{"line":157,"column":2},"end":{"line":162,"column":null}},"35":{"start":{"line":158,"column":4},"end":{"line":158,"column":31}},"36":{"start":{"line":160,"column":4},"end":{"line":160,"column":53}},"37":{"start":{"line":161,"column":4},"end":{"line":161,"column":59}},"38":{"start":{"line":165,"column":51},"end":{"line":176,"column":4}},"39":{"start":{"line":178,"column":2},"end":{"line":178,"column":28}},"40":{"start":{"line":136,"column":13},"end":{"line":136,"column":32}},"41":{"start":{"line":181,"column":32},"end":{"line":213,"column":2}},"42":{"start":{"line":184,"column":4},"end":{"line":213,"column":2}},"43":{"start":{"line":185,"column":54},"end":{"line":185,"column":56}},"44":{"start":{"line":187,"column":2},"end":{"line":187,"column":61}},"45":{"start":{"line":187,"column":31},"end":{"line":187,"column":61}},"46":{"start":{"line":188,"column":2},"end":{"line":188,"column":73}},"47":{"start":{"line":188,"column":35},"end":{"line":188,"column":73}},"48":{"start":{"line":189,"column":2},"end":{"line":189,"column":79}},"49":{"start":{"line":189,"column":37},"end":{"line":189,"column":79}},"50":{"start":{"line":190,"column":2},"end":{"line":190,"column":70}},"51":{"start":{"line":190,"column":34},"end":{"line":190,"column":70}},"52":{"start":{"line":191,"column":2},"end":{"line":191,"column":64}},"53":{"start":{"line":191,"column":32},"end":{"line":191,"column":64}},"54":{"start":{"line":193,"column":2},"end":{"line":212,"column":null}},"55":{"start":{"line":194,"column":30},"end":{"line":202,"column":null}},"56":{"start":{"line":205,"column":4},"end":{"line":207,"column":null}},"57":{"start":{"line":210,"column":4},"end":{"line":210,"column":55}},"58":{"start":{"line":211,"column":4},"end":{"line":211,"column":59}},"59":{"start":{"line":181,"column":13},"end":{"line":181,"column":32}},"60":{"start":{"line":215,"column":32},"end":{"line":224,"column":2}},"61":{"start":{"line":215,"column":53},"end":{"line":224,"column":2}},"62":{"start":{"line":216,"column":2},"end":{"line":221,"column":null}},"63":{"start":{"line":217,"column":4},"end":{"line":217,"column":43}},"64":{"start":{"line":219,"column":4},"end":{"line":219,"column":55}},"65":{"start":{"line":220,"column":4},"end":{"line":220,"column":59}},"66":{"start":{"line":223,"column":2},"end":{"line":223,"column":9}},"67":{"start":{"line":215,"column":13},"end":{"line":215,"column":32}}},"fnMap":{"0":{"name":"(anonymous_8)","decl":{"start":{"line":36,"column":33},"end":{"line":36,"column":40}},"loc":{"start":{"line":36,"column":77},"end":{"line":92,"column":2}}},"1":{"name":"(anonymous_9)","decl":{"start":{"line":36,"column":77},"end":{"line":36,"column":null}},"loc":{"start":{"line":36,"column":77},"end":{"line":92,"column":1}}},"2":{"name":"(anonymous_10)","decl":{"start":{"line":94,"column":33},"end":{"line":94,"column":40}},"loc":{"start":{"line":94,"column":54},"end":{"line":134,"column":2}}},"3":{"name":"(anonymous_11)","decl":{"start":{"line":94,"column":54},"end":{"line":94,"column":null}},"loc":{"start":{"line":94,"column":54},"end":{"line":134,"column":1}}},"4":{"name":"(anonymous_12)","decl":{"start":{"line":136,"column":32},"end":{"line":136,"column":null}},"loc":{"start":{"line":143,"column":4},"end":{"line":179,"column":2}}},"5":{"name":"(anonymous_13)","decl":{"start":{"line":143,"column":4},"end":{"line":143,"column":null}},"loc":{"start":{"line":143,"column":4},"end":{"line":179,"column":1}}},"6":{"name":"(anonymous_14)","decl":{"start":{"line":181,"column":32},"end":{"line":181,"column":null}},"loc":{"start":{"line":184,"column":4},"end":{"line":213,"column":2}}},"7":{"name":"(anonymous_15)","decl":{"start":{"line":184,"column":4},"end":{"line":184,"column":null}},"loc":{"start":{"line":184,"column":4},"end":{"line":213,"column":1}}},"8":{"name":"(anonymous_16)","decl":{"start":{"line":215,"column":32},"end":{"line":215,"column":39}},"loc":{"start":{"line":215,"column":53},"end":{"line":224,"column":2}}},"9":{"name":"(anonymous_17)","decl":{"start":{"line":215,"column":53},"end":{"line":215,"column":null}},"loc":{"start":{"line":215,"column":53},"end":{"line":224,"column":1}}}},"branchMap":{"0":{"loc":{"start":{"line":41,"column":2},"end":{"line":41,"column":44}},"type":"if","locations":[{"start":{"line":41,"column":2},"end":{"line":41,"column":44}}]},"1":{"loc":{"start":{"line":42,"column":2},"end":{"line":46,"column":null}},"type":"if","locations":[{"start":{"line":42,"column":2},"end":{"line":46,"column":null}}]},"2":{"loc":{"start":{"line":42,"column":6},"end":{"line":42,"column":54}},"type":"binary-expr","locations":[{"start":{"line":42,"column":6},"end":{"line":42,"column":28}},{"start":{"line":42,"column":32},"end":{"line":42,"column":54}}]},"3":{"loc":{"start":{"line":44,"column":4},"end":{"line":44,"column":70}},"type":"if","locations":[{"start":{"line":44,"column":4},"end":{"line":44,"column":70}}]},"4":{"loc":{"start":{"line":45,"column":4},"end":{"line":45,"column":70}},"type":"if","locations":[{"start":{"line":45,"column":4},"end":{"line":45,"column":70}}]},"5":{"loc":{"start":{"line":74,"column":25},"end":{"line":74,"column":53}},"type":"cond-expr","locations":[{"start":{"line":74,"column":47},"end":{"line":74,"column":48}},{"start":{"line":74,"column":51},"end":{"line":74,"column":53}}]},"6":{"loc":{"start":{"line":95,"column":2},"end":{"line":97,"column":null}},"type":"if","locations":[{"start":{"line":95,"column":2},"end":{"line":97,"column":null}}]},"7":{"loc":{"start":{"line":129,"column":2},"end":{"line":131,"column":null}},"type":"if","locations":[{"start":{"line":129,"column":2},"end":{"line":131,"column":null}}]},"8":{"loc":{"start":{"line":187,"column":2},"end":{"line":187,"column":61}},"type":"if","locations":[{"start":{"line":187,"column":2},"end":{"line":187,"column":61}}]},"9":{"loc":{"start":{"line":188,"column":2},"end":{"line":188,"column":73}},"type":"if","locations":[{"start":{"line":188,"column":2},"end":{"line":188,"column":73}}]},"10":{"loc":{"start":{"line":189,"column":2},"end":{"line":189,"column":79}},"type":"if","locations":[{"start":{"line":189,"column":2},"end":{"line":189,"column":79}}]},"11":{"loc":{"start":{"line":190,"column":2},"end":{"line":190,"column":70}},"type":"if","locations":[{"start":{"line":190,"column":2},"end":{"line":190,"column":70}}]},"12":{"loc":{"start":{"line":191,"column":2},"end":{"line":191,"column":64}},"type":"if","locations":[{"start":{"line":191,"column":2},"end":{"line":191,"column":64}}]}},"s":{"0":3,"1":3,"2":3,"3":3,"4":1,"5":1,"6":1,"7":1,"8":0,"9":1,"10":0,"11":0,"12":0,"13":0,"14":0,"15":1,"16":1,"17":1,"18":1,"19":3,"20":3,"21":2,"22":2,"23":0,"24":2,"25":2,"26":2,"27":1,"28":1,"29":3,"30":3,"31":1,"32":1,"33":1,"34":1,"35":1,"36":0,"37":0,"38":1,"39":1,"40":3,"41":3,"42":1,"43":1,"44":1,"45":1,"46":1,"47":1,"48":1,"49":0,"50":1,"51":0,"52":1,"53":0,"54":1,"55":1,"56":1,"57":0,"58":0,"59":3,"60":3,"61":1,"62":1,"63":1,"64":0,"65":0,"66":1,"67":3},"f":{"0":1,"1":1,"2":2,"3":2,"4":1,"5":1,"6":1,"7":1,"8":1,"9":1},"b":{"0":[0],"1":[0],"2":[1,1],"3":[0],"4":[0],"5":[0,1],"6":[0],"7":[1],"8":[1],"9":[1],"10":[0],"11":[0],"12":[0]}}
,"/Users/bongoslav/Documents/restaurant-finder/server/src/services/reviewService.ts": {"path":"/Users/bongoslav/Documents/restaurant-finder/server/src/services/reviewService.ts","statementMap":{"0":{"start":{"line":1,"column":0},"end":{"line":1,"column":49}},"1":{"start":{"line":2,"column":0},"end":{"line":2,"column":52}},"2":{"start":{"line":5,"column":27},"end":{"line":13,"column":2}},"3":{"start":{"line":5,"column":58},"end":{"line":13,"column":2}},"4":{"start":{"line":6,"column":21},"end":{"line":6,"column":60}},"5":{"start":{"line":8,"column":2},"end":{"line":10,"column":null}},"6":{"start":{"line":9,"column":4},"end":{"line":9,"column":52}},"7":{"start":{"line":12,"column":2},"end":{"line":12,"column":20}},"8":{"start":{"line":15,"column":42},"end":{"line":34,"column":2}},"9":{"start":{"line":19,"column":4},"end":{"line":34,"column":2}},"10":{"start":{"line":20,"column":21},"end":{"line":20,"column":59}},"11":{"start":{"line":22,"column":21},"end":{"line":22,"column":39}},"12":{"start":{"line":23,"column":19},"end":{"line":23,"column":31}},"13":{"start":{"line":25,"column":18},"end":{"line":25,"column":64}},"14":{"start":{"line":26,"column":23},"end":{"line":26,"column":48}},"15":{"start":{"line":27,"column":21},"end":{"line":27,"column":52}},"16":{"start":{"line":29,"column":2},"end":{"line":33,"column":4}},"17":{"start":{"line":15,"column":13},"end":{"line":15,"column":42}},"18":{"start":{"line":36,"column":25},"end":{"line":54,"column":2}},"19":{"start":{"line":42,"column":4},"end":{"line":54,"column":2}},"20":{"start":{"line":43,"column":21},"end":{"line":43,"column":59}},"21":{"start":{"line":45,"column":2},"end":{"line":51,"column":null}},"22":{"start":{"line":46,"column":4},"end":{"line":46,"column":61}},"23":{"start":{"line":47,"column":4},"end":{"line":47,"column":28}},"24":{"start":{"line":49,"column":4},"end":{"line":49,"column":60}},"25":{"start":{"line":50,"column":4},"end":{"line":50,"column":52}},"26":{"start":{"line":53,"column":2},"end":{"line":53,"column":20}},"27":{"start":{"line":36,"column":13},"end":{"line":36,"column":25}},"28":{"start":{"line":56,"column":38},"end":{"line":71,"column":2}},"29":{"start":{"line":59,"column":4},"end":{"line":71,"column":2}},"30":{"start":{"line":60,"column":21},"end":{"line":60,"column":59}},"31":{"start":{"line":62,"column":17},"end":{"line":63,"column":null}},"32":{"start":{"line":63,"column":4},"end":{"line":63,"column":31}},"33":{"start":{"line":66,"column":2},"end":{"line":68,"column":null}},"34":{"start":{"line":67,"column":4},"end":{"line":67,"column":48}},"35":{"start":{"line":70,"column":2},"end":{"line":70,"column":16}},"36":{"start":{"line":56,"column":13},"end":{"line":56,"column":38}},"37":{"start":{"line":73,"column":28},"end":{"line":86,"column":2}},"38":{"start":{"line":76,"column":4},"end":{"line":86,"column":2}},"39":{"start":{"line":77,"column":2},"end":{"line":85,"column":null}},"40":{"start":{"line":78,"column":4},"end":{"line":81,"column":6}},"41":{"start":{"line":83,"column":4},"end":{"line":83,"column":62}},"42":{"start":{"line":84,"column":4},"end":{"line":84,"column":55}},"43":{"start":{"line":73,"column":13},"end":{"line":73,"column":28}}},"fnMap":{"0":{"name":"(anonymous_8)","decl":{"start":{"line":5,"column":27},"end":{"line":5,"column":34}},"loc":{"start":{"line":5,"column":58},"end":{"line":13,"column":2}}},"1":{"name":"(anonymous_9)","decl":{"start":{"line":5,"column":58},"end":{"line":5,"column":null}},"loc":{"start":{"line":5,"column":58},"end":{"line":13,"column":1}}},"2":{"name":"(anonymous_10)","decl":{"start":{"line":15,"column":42},"end":{"line":15,"column":null}},"loc":{"start":{"line":19,"column":4},"end":{"line":34,"column":2}}},"3":{"name":"(anonymous_11)","decl":{"start":{"line":19,"column":4},"end":{"line":19,"column":null}},"loc":{"start":{"line":19,"column":4},"end":{"line":34,"column":1}}},"4":{"name":"(anonymous_12)","decl":{"start":{"line":36,"column":25},"end":{"line":36,"column":null}},"loc":{"start":{"line":42,"column":4},"end":{"line":54,"column":2}}},"5":{"name":"(anonymous_13)","decl":{"start":{"line":42,"column":4},"end":{"line":42,"column":null}},"loc":{"start":{"line":42,"column":4},"end":{"line":54,"column":1}}},"6":{"name":"(anonymous_14)","decl":{"start":{"line":56,"column":38},"end":{"line":56,"column":null}},"loc":{"start":{"line":59,"column":4},"end":{"line":71,"column":2}}},"7":{"name":"(anonymous_15)","decl":{"start":{"line":59,"column":4},"end":{"line":59,"column":null}},"loc":{"start":{"line":59,"column":4},"end":{"line":71,"column":1}}},"8":{"name":"(anonymous_16)","decl":{"start":{"line":62,"column":41},"end":{"line":62,"column":42}},"loc":{"start":{"line":63,"column":4},"end":{"line":63,"column":31}}},"9":{"name":"(anonymous_17)","decl":{"start":{"line":73,"column":28},"end":{"line":73,"column":null}},"loc":{"start":{"line":76,"column":4},"end":{"line":86,"column":2}}},"10":{"name":"(anonymous_18)","decl":{"start":{"line":76,"column":4},"end":{"line":76,"column":null}},"loc":{"start":{"line":76,"column":4},"end":{"line":86,"column":1}}}},"branchMap":{"0":{"loc":{"start":{"line":8,"column":2},"end":{"line":10,"column":null}},"type":"if","locations":[{"start":{"line":8,"column":2},"end":{"line":10,"column":null}}]},"1":{"loc":{"start":{"line":66,"column":2},"end":{"line":68,"column":null}},"type":"if","locations":[{"start":{"line":66,"column":2},"end":{"line":68,"column":null}}]}},"s":{"0":3,"1":3,"2":3,"3":5,"4":5,"5":5,"6":1,"7":4,"8":3,"9":2,"10":2,"11":1,"12":1,"13":1,"14":1,"15":1,"16":1,"17":3,"18":3,"19":1,"20":1,"21":1,"22":1,"23":1,"24":0,"25":0,"26":1,"27":3,"28":3,"29":2,"30":2,"31":2,"32":2,"33":2,"34":1,"35":1,"36":3,"37":3,"38":1,"39":1,"40":1,"41":0,"42":0,"43":3},"f":{"0":5,"1":5,"2":2,"3":2,"4":1,"5":1,"6":2,"7":2,"8":2,"9":1,"10":1},"b":{"0":[1],"1":[1]}}
,"/Users/bongoslav/Documents/restaurant-finder/server/src/services/tokenService.ts": {"path":"/Users/bongoslav/Documents/restaurant-finder/server/src/services/tokenService.ts","statementMap":{"0":{"start":{"line":1,"column":0},"end":{"line":1,"column":40}},"1":{"start":{"line":2,"column":0},"end":{"line":2,"column":null}},"2":{"start":{"line":8,"column":0},"end":{"line":8,"column":49}},"3":{"start":{"line":10,"column":30},"end":{"line":23,"column":2}},"4":{"start":{"line":10,"column":63},"end":{"line":23,"column":2}},"5":{"start":{"line":11,"column":22},"end":{"line":11,"column":49}},"6":{"start":{"line":12,"column":23},"end":{"line":12,"column":51}},"7":{"start":{"line":14,"column":15},"end":{"line":14,"column":42}},"8":{"start":{"line":15,"column":2},"end":{"line":17,"column":null}},"9":{"start":{"line":16,"column":4},"end":{"line":16,"column":46}},"10":{"start":{"line":19,"column":2},"end":{"line":19,"column":40}},"11":{"start":{"line":20,"column":2},"end":{"line":20,"column":20}},"12":{"start":{"line":22,"column":2},"end":{"line":22,"column":39}},"13":{"start":{"line":10,"column":13},"end":{"line":10,"column":30}},"14":{"start":{"line":25,"column":34},"end":{"line":59,"column":2}},"15":{"start":{"line":25,"column":65},"end":{"line":59,"column":2}},"16":{"start":{"line":27,"column":2},"end":{"line":32,"column":null}},"17":{"start":{"line":28,"column":4},"end":{"line":28,"column":47}},"18":{"start":{"line":31,"column":4},"end":{"line":31,"column":53}},"19":{"start":{"line":34,"column":2},"end":{"line":36,"column":null}},"20":{"start":{"line":35,"column":4},"end":{"line":35,"column":53}},"21":{"start":{"line":38,"column":15},"end":{"line":38,"column":50}},"22":{"start":{"line":39,"column":2},"end":{"line":41,"column":null}},"23":{"start":{"line":40,"column":4},"end":{"line":40,"column":53}},"24":{"start":{"line":43,"column":2},"end":{"line":45,"column":null}},"25":{"start":{"line":44,"column":4},"end":{"line":44,"column":53}},"26":{"start":{"line":47,"column":22},"end":{"line":47,"column":51}},"27":{"start":{"line":48,"column":26},"end":{"line":48,"column":56}},"28":{"start":{"line":52,"column":2},"end":{"line":54,"column":4}},"29":{"start":{"line":53,"column":15},"end":{"line":53,"column":37}},"30":{"start":{"line":55,"column":2},"end":{"line":55,"column":43}},"31":{"start":{"line":56,"column":2},"end":{"line":56,"column":20}},"32":{"start":{"line":58,"column":2},"end":{"line":58,"column":56}},"33":{"start":{"line":25,"column":13},"end":{"line":25,"column":34}},"34":{"start":{"line":61,"column":34},"end":{"line":69,"column":2}},"35":{"start":{"line":64,"column":4},"end":{"line":69,"column":2}},"36":{"start":{"line":65,"column":2},"end":{"line":68,"column":4}},"37":{"start":{"line":61,"column":13},"end":{"line":61,"column":34}}},"fnMap":{"0":{"name":"(anonymous_8)","decl":{"start":{"line":10,"column":30},"end":{"line":10,"column":37}},"loc":{"start":{"line":10,"column":63},"end":{"line":23,"column":2}}},"1":{"name":"(anonymous_9)","decl":{"start":{"line":10,"column":63},"end":{"line":10,"column":null}},"loc":{"start":{"line":10,"column":63},"end":{"line":23,"column":1}}},"2":{"name":"(anonymous_10)","decl":{"start":{"line":25,"column":34},"end":{"line":25,"column":41}},"loc":{"start":{"line":25,"column":65},"end":{"line":59,"column":2}}},"3":{"name":"(anonymous_11)","decl":{"start":{"line":25,"column":65},"end":{"line":25,"column":null}},"loc":{"start":{"line":25,"column":65},"end":{"line":59,"column":1}}},"4":{"name":"(anonymous_12)","decl":{"start":{"line":53,"column":4},"end":{"line":53,"column":5}},"loc":{"start":{"line":53,"column":15},"end":{"line":53,"column":37}}},"5":{"name":"(anonymous_13)","decl":{"start":{"line":61,"column":34},"end":{"line":61,"column":null}},"loc":{"start":{"line":64,"column":4},"end":{"line":69,"column":2}}},"6":{"name":"(anonymous_14)","decl":{"start":{"line":64,"column":4},"end":{"line":64,"column":null}},"loc":{"start":{"line":64,"column":4},"end":{"line":69,"column":1}}}},"branchMap":{"0":{"loc":{"start":{"line":15,"column":2},"end":{"line":17,"column":null}},"type":"if","locations":[{"start":{"line":15,"column":2},"end":{"line":17,"column":null}}]},"1":{"loc":{"start":{"line":34,"column":2},"end":{"line":36,"column":null}},"type":"if","locations":[{"start":{"line":34,"column":2},"end":{"line":36,"column":null}}]},"2":{"loc":{"start":{"line":34,"column":6},"end":{"line":34,"column":33}},"type":"binary-expr","locations":[{"start":{"line":34,"column":6},"end":{"line":34,"column":14}},{"start":{"line":34,"column":18},"end":{"line":34,"column":33}}]},"3":{"loc":{"start":{"line":39,"column":2},"end":{"line":41,"column":null}},"type":"if","locations":[{"start":{"line":39,"column":2},"end":{"line":41,"column":null}}]},"4":{"loc":{"start":{"line":43,"column":2},"end":{"line":45,"column":null}},"type":"if","locations":[{"start":{"line":43,"column":2},"end":{"line":45,"column":null}}]}},"s":{"0":3,"1":3,"2":3,"3":3,"4":1,"5":1,"6":1,"7":1,"8":1,"9":0,"10":1,"11":1,"12":1,"13":3,"14":3,"15":2,"16":2,"17":2,"18":1,"19":1,"20":0,"21":1,"22":1,"23":0,"24":1,"25":0,"26":1,"27":1,"28":1,"29":1,"30":1,"31":1,"32":1,"33":3,"34":3,"35":1,"36":1,"37":3},"f":{"0":1,"1":1,"2":2,"3":2,"4":1,"5":1,"6":1},"b":{"0":[0],"1":[0],"2":[1,1],"3":[0],"4":[0]}}
,"/Users/bongoslav/Documents/restaurant-finder/server/src/utils/errorHandler.ts": {"path":"/Users/bongoslav/Documents/restaurant-finder/server/src/utils/errorHandler.ts","statementMap":{"0":{"start":{"line":10,"column":4},"end":{"line":10,"column":19}},"1":{"start":{"line":6,"column":11},"end":{"line":6,"column":29}},"2":{"start":{"line":8,"column":11},"end":{"line":8,"column":42}},"3":{"start":{"line":11,"column":4},"end":{"line":11,"column":38}},"4":{"start":{"line":12,"column":4},"end":{"line":12,"column":52}},"5":{"start":{"line":4,"column":0},"end":{"line":4,"column":13}},"6":{"start":{"line":16,"column":28},"end":{"line":44,"column":1}},"7":{"start":{"line":23,"column":2},"end":{"line":23,"column":31}},"8":{"start":{"line":25,"column":2},"end":{"line":30,"column":null}},"9":{"start":{"line":26,"column":4},"end":{"line":29,"column":7}},"10":{"start":{"line":32,"column":2},"end":{"line":38,"column":null}},"11":{"start":{"line":33,"column":4},"end":{"line":37,"column":7}},"12":{"start":{"line":40,"column":2},"end":{"line":43,"column":5}},"13":{"start":{"line":16,"column":13},"end":{"line":16,"column":28}},"14":{"start":{"line":46,"column":40},"end":{"line":50,"column":1}},"15":{"start":{"line":49,"column":2},"end":{"line":49,"column":61}},"16":{"start":{"line":46,"column":13},"end":{"line":46,"column":40}}},"fnMap":{"0":{"name":"(anonymous_0)","decl":{"start":{"line":5,"column":2},"end":{"line":5,"column":null}},"loc":{"start":{"line":8,"column":42},"end":{"line":13,"column":3}}},"1":{"name":"(anonymous_1)","decl":{"start":{"line":16,"column":28},"end":{"line":16,"column":null}},"loc":{"start":{"line":22,"column":4},"end":{"line":44,"column":1}}},"2":{"name":"(anonymous_2)","decl":{"start":{"line":46,"column":40},"end":{"line":46,"column":null}},"loc":{"start":{"line":48,"column":14},"end":{"line":50,"column":1}}}},"branchMap":{"0":{"loc":{"start":{"line":25,"column":2},"end":{"line":30,"column":null}},"type":"if","locations":[{"start":{"line":25,"column":2},"end":{"line":30,"column":null}}]},"1":{"loc":{"start":{"line":32,"column":2},"end":{"line":38,"column":null}},"type":"if","locations":[{"start":{"line":32,"column":2},"end":{"line":38,"column":null}}]}},"s":{"0":27,"1":27,"2":27,"3":27,"4":27,"5":3,"6":3,"7":27,"8":27,"9":27,"10":0,"11":0,"12":0,"13":3,"14":3,"15":3,"16":3},"f":{"0":27,"1":27,"2":3},"b":{"0":[27],"1":[0]}}
,"/Users/bongoslav/Documents/restaurant-finder/server/src/validations/schemas.ts": {"path":"/Users/bongoslav/Documents/restaurant-finder/server/src/validations/schemas.ts","statementMap":{"0":{"start":{"line":1,"column":0},"end":{"line":1,"column":22}},"1":{"start":{"line":3,"column":13},"end":{"line":8,"column":3}},"2":{"start":{"line":10,"column":13},"end":{"line":15,"column":3}},"3":{"start":{"line":17,"column":13},"end":{"line":20,"column":3}},"4":{"start":{"line":22,"column":13},"end":{"line":28,"column":3}},"5":{"start":{"line":30,"column":13},"end":{"line":34,"column":3}}},"fnMap":{},"branchMap":{},"s":{"0":3,"1":3,"2":3,"3":3,"4":3,"5":3},"f":{},"b":{}}
}
