TN:
SF:src/app.ts
FNF:0
FNH:0
DA:1,3
DA:2,3
DA:3,3
DA:4,3
DA:5,3
DA:6,3
DA:7,3
DA:8,3
DA:9,3
DA:11,3
DA:14,3
DA:15,3
DA:16,3
DA:17,3
DA:18,0
DA:22,3
DA:23,3
DA:24,3
DA:27,3
DA:29,3
LF:20
LH:19
BRDA:17,0,0,0
BRF:1
BRH:0
end_of_record
TN:
SF:src/config/jwt.ts
FN:11,generateAccessToken
FN:17,generateRefreshToken
FN:23,verifyAccessToken
FN:27,verifyRefreshToken
FNF:4
FNH:4
FNDA:48,generateAccessToken
FNDA:18,generateRefreshToken
FNDA:22,verifyAccessToken
FNDA:2,verifyRefreshToken
DA:1,3
DA:3,3
DA:5,3
DA:6,3
DA:8,3
DA:9,3
DA:11,3
DA:12,48
DA:17,3
DA:18,18
DA:23,3
DA:24,22
DA:27,3
DA:28,2
LF:14
LH:14
BRF:0
BRH:0
end_of_record
TN:
SF:src/controllers/auth.ts
FN:8,(anonymous_13)
FN:12,(anonymous_14)
FN:30,(anonymous_15)
FN:34,(anonymous_16)
FN:54,(anonymous_17)
FN:58,(anonymous_18)
FN:91,(anonymous_19)
FN:95,(anonymous_20)
FN:117,(anonymous_21)
FN:121,(anonymous_22)
FN:143,(anonymous_23)
FN:147,(anonymous_24)
FN:179,(anonymous_25)
FN:183,(anonymous_26)
FNF:14
FNH:14
FNDA:1,(anonymous_13)
FNDA:1,(anonymous_14)
FNDA:1,(anonymous_15)
FNDA:1,(anonymous_16)
FNDA:2,(anonymous_17)
FNDA:2,(anonymous_18)
FNDA:1,(anonymous_19)
FNDA:1,(anonymous_20)
FNDA:2,(anonymous_21)
FNDA:2,(anonymous_22)
FNDA:2,(anonymous_23)
FNDA:2,(anonymous_24)
FNDA:2,(anonymous_25)
FNDA:2,(anonymous_26)
DA:2,3
DA:3,3
DA:5,3
DA:6,3
DA:8,3
DA:12,1
DA:13,1
DA:14,1
DA:16,1
DA:26,0
DA:30,3
DA:34,1
DA:35,1
DA:36,1
DA:38,1
DA:45,1
DA:50,0
DA:54,3
DA:58,2
DA:59,2
DA:60,2
DA:62,2
DA:63,1
DA:68,1
DA:75,1
DA:87,1
DA:91,3
DA:95,1
DA:96,1
DA:97,1
DA:99,1
DA:100,0
DA:103,1
DA:104,1
DA:106,1
DA:108,1
DA:113,0
DA:117,3
DA:121,2
DA:122,2
DA:123,2
DA:125,2
DA:127,1
DA:139,1
DA:143,3
DA:147,2
DA:148,2
DA:149,2
DA:150,2
DA:151,1
DA:154,1
DA:156,1
DA:163,1
DA:175,0
DA:179,3
DA:183,2
DA:184,2
DA:185,2
DA:187,2
DA:188,0
DA:191,2
DA:193,1
DA:200,1
DA:207,1
DA:208,1
DA:210,0
LF:66
LH:59
BRDA:99,0,0,0
BRDA:150,1,0,1
BRDA:187,2,0,0
BRDA:207,3,0,1
BRDA:207,3,1,0
BRF:5
BRH:2
end_of_record
TN:
SF:src/controllers/restaurants.ts
FN:7,(anonymous_13)
FN:11,(anonymous_14)
FN:60,(anonymous_15)
FN:64,(anonymous_16)
FN:79,(anonymous_17)
FN:83,(anonymous_18)
FN:106,(anonymous_19)
FN:110,(anonymous_20)
FN:128,(anonymous_21)
FN:132,(anonymous_22)
FNF:10
FNH:10
FNDA:1,(anonymous_13)
FNDA:1,(anonymous_14)
FNDA:2,(anonymous_15)
FNDA:2,(anonymous_16)
FNDA:1,(anonymous_17)
FNDA:1,(anonymous_18)
FNDA:1,(anonymous_19)
FNDA:1,(anonymous_20)
FNDA:1,(anonymous_21)
FNDA:1,(anonymous_22)
DA:2,3
DA:5,3
DA:7,3
DA:11,1
DA:12,1
DA:13,1
DA:14,1
DA:21,1
DA:27,1
DA:29,1
DA:43,1
DA:45,1
DA:56,0
DA:60,3
DA:64,2
DA:65,2
DA:66,2
DA:68,2
DA:70,1
DA:75,1
DA:79,3
DA:83,1
DA:84,1
DA:85,1
DA:86,1
DA:88,1
DA:97,1
DA:102,0
DA:106,3
DA:110,1
DA:111,1
DA:112,1
DA:113,1
DA:114,1
DA:119,1
DA:124,0
DA:128,3
DA:132,1
DA:133,1
DA:134,1
DA:136,1
DA:138,1
DA:143,0
LF:43
LH:39
BRDA:13,0,0,1
BRDA:13,0,1,1
BRDA:18,1,0,1
BRDA:18,1,1,1
BRDA:21,2,0,0
BRDA:21,2,1,1
BRDA:27,3,0,0
BRDA:27,3,1,1
BRDA:35,4,0,0
BRDA:35,4,1,1
BRDA:38,5,0,0
BRDA:38,5,1,1
BRF:12
BRH:8
end_of_record
TN:
SF:src/controllers/reviews.ts
FN:6,(anonymous_13)
FN:10,(anonymous_14)
FN:37,(anonymous_15)
FN:41,(anonymous_16)
FN:64,(anonymous_17)
FN:68,(anonymous_18)
FN:87,(anonymous_19)
FN:91,(anonymous_20)
FNF:8
FNH:8
FNDA:2,(anonymous_13)
FNDA:2,(anonymous_14)
FNDA:1,(anonymous_15)
FNDA:1,(anonymous_16)
FNDA:2,(anonymous_17)
FNDA:2,(anonymous_18)
FNDA:1,(anonymous_19)
FNDA:1,(anonymous_20)
DA:2,3
DA:3,3
DA:6,3
DA:10,2
DA:11,2
DA:12,2
DA:13,2
DA:14,2
DA:16,2
DA:22,1
DA:33,1
DA:37,3
DA:41,1
DA:42,1
DA:43,1
DA:44,1
DA:45,1
DA:47,1
DA:55,1
DA:60,0
DA:64,3
DA:68,2
DA:69,2
DA:70,2
DA:72,2
DA:73,2
DA:78,1
DA:83,1
DA:87,3
DA:91,1
DA:92,1
DA:93,1
DA:94,1
DA:95,1
DA:96,1
DA:98,0
LF:36
LH:34
BRDA:13,0,0,2
BRDA:13,0,1,2
BRDA:14,1,0,2
BRDA:14,1,1,2
BRF:4
BRH:4
end_of_record
TN:
SF:src/middlewares/auth.ts
FN:7,(anonymous_7)
FN:11,(anonymous_8)
FNF:2
FNH:2
FNDA:33,(anonymous_7)
FNDA:33,(anonymous_8)
DA:2,3
DA:4,3
DA:5,3
DA:7,3
DA:11,33
DA:12,33
DA:15,33
DA:16,22
DA:19,33
DA:20,11
DA:23,22
DA:24,22
DA:26,22
DA:28,22
DA:30,0
DA:31,0
DA:33,0
LF:17
LH:14
BRDA:15,0,0,22
BRDA:15,1,0,33
BRDA:15,1,1,22
BRDA:19,2,0,11
BRDA:30,3,0,0
BRDA:30,3,1,0
BRF:6
BRH:4
end_of_record
TN:
SF:src/middlewares/isRestaurantOwner.ts
FN:8,(anonymous_8)
FN:12,(anonymous_9)
FNF:2
FNH:2
FNDA:6,(anonymous_8)
FNDA:6,(anonymous_9)
DA:2,3
DA:3,3
DA:5,3
DA:6,3
DA:8,3
DA:12,6
DA:13,6
DA:14,6
DA:15,6
DA:16,2
DA:19,4
DA:20,4
DA:21,0
DA:24,4
DA:26,4
DA:27,2
DA:30,2
LF:17
LH:16
BRDA:15,0,0,2
BRDA:20,1,0,0
BRDA:26,2,0,2
BRF:3
BRH:2
end_of_record
TN:
SF:src/middlewares/isReviewAuthor.ts
FN:7,(anonymous_8)
FN:11,(anonymous_9)
FN:22,(anonymous_10)
FNF:3
FNH:3
FNDA:3,(anonymous_8)
FNDA:3,(anonymous_9)
FNDA:3,(anonymous_10)
DA:2,3
DA:4,3
DA:5,3
DA:7,3
DA:11,3
DA:12,3
DA:13,3
DA:14,3
DA:15,3
DA:17,3
DA:18,3
DA:19,0
DA:22,3
DA:23,3
DA:25,3
DA:26,1
DA:29,2
DA:30,2
DA:31,1
DA:34,1
DA:36,2
LF:21
LH:20
BRDA:18,0,0,0
BRDA:25,1,0,1
BRDA:30,2,0,1
BRF:3
BRH:2
end_of_record
TN:
SF:src/middlewares/validateRequest.ts
FN:5,(anonymous_0)
FN:6,(anonymous_1)
FNF:2
FNH:2
FNDA:15,(anonymous_0)
FNDA:10,(anonymous_1)
DA:3,3
DA:5,3
DA:6,15
DA:7,10
DA:9,10
DA:10,3
DA:13,7
LF:7
LH:7
BRDA:9,0,0,3
BRF:1
BRH:1
end_of_record
TN:
SF:src/models/restaurant.model.ts
FN:74,(anonymous_1)
FN:75,(anonymous_2)
FN:77,(anonymous_3)
FNF:3
FNH:1
FNDA:29,(anonymous_1)
FNDA:0,(anonymous_2)
FNDA:0,(anonymous_3)
DA:1,3
DA:23,3
DA:51,3
DA:75,29
DA:78,0
DA:101,3
DA:102,3
DA:103,3
DA:105,3
DA:107,3
LF:10
LH:9
BRF:0
BRH:0
end_of_record
TN:
SF:src/models/user.model.ts
FN:23,(anonymous_8)
FN:28,(anonymous_9)
FN:39,(anonymous_10)
FN:61,(anonymous_11)
FNF:4
FNH:3
FNDA:67,(anonymous_8)
FNDA:0,(anonymous_9)
FNDA:67,(anonymous_10)
FNDA:67,(anonymous_11)
DA:1,3
DA:2,3
DA:15,3
DA:26,67
DA:29,0
DA:40,67
DA:61,3
DA:63,67
DA:64,67
DA:65,48
DA:67,67
DA:70,3
DA:72,3
LF:13
LH:12
BRDA:64,0,0,48
BRF:1
BRH:1
end_of_record
TN:
SF:src/routes/auth.ts
FNF:0
FNH:0
DA:1,3
DA:2,3
DA:11,3
DA:12,3
DA:13,3
DA:19,3
DA:21,3
DA:22,3
DA:23,3
DA:24,3
DA:25,3
DA:27,3
DA:28,3
DA:35,3
LF:14
LH:14
BRF:0
BRH:0
end_of_record
TN:
SF:src/routes/restaurants.ts
FNF:0
FNH:0
DA:1,3
DA:2,3
DA:9,3
DA:10,3
DA:11,3
DA:12,3
DA:14,3
DA:16,3
DA:17,3
DA:18,3
DA:24,3
DA:25,3
DA:27,3
LF:13
LH:13
BRF:0
BRH:0
end_of_record
TN:
SF:src/routes/reviews.ts
FNF:0
FNH:0
DA:1,3
DA:2,3
DA:8,3
DA:9,3
DA:10,3
DA:11,3
DA:13,3
DA:15,3
DA:16,3
DA:22,3
DA:27,3
DA:34,3
LF:12
LH:12
BRF:0
BRH:0
end_of_record
TN:
SF:src/services/authService.ts
FN:20,(anonymous_8)
FN:20,(anonymous_9)
FN:30,(anonymous_10)
FN:30,(anonymous_11)
FN:66,(anonymous_12)
FN:66,(anonymous_13)
FN:80,(anonymous_14)
FN:80,(anonymous_15)
FN:88,(anonymous_16)
FN:88,(anonymous_17)
FN:96,(anonymous_18)
FN:99,(anonymous_19)
FNF:12
FNH:10
FNDA:1,(anonymous_8)
FNDA:1,(anonymous_9)
FNDA:1,(anonymous_10)
FNDA:1,(anonymous_11)
FNDA:2,(anonymous_12)
FNDA:2,(anonymous_13)
FNDA:0,(anonymous_14)
FNDA:0,(anonymous_15)
FNDA:2,(anonymous_16)
FNDA:2,(anonymous_17)
FNDA:1,(anonymous_18)
FNDA:1,(anonymous_19)
DA:1,3
DA:2,3
DA:3,3
DA:4,3
DA:20,3
DA:21,1
DA:23,1
DA:24,1
DA:25,0
DA:27,1
DA:30,3
DA:31,1
DA:33,1
DA:34,1
DA:35,0
DA:36,0
DA:38,0
DA:42,1
DA:44,1
DA:51,1
DA:52,1
DA:54,0
DA:55,0
DA:56,0
DA:58,0
DA:61,1
DA:62,1
DA:63,1
DA:66,3
DA:67,2
DA:68,2
DA:69,0
DA:72,2
DA:73,2
DA:74,1
DA:77,1
DA:80,3
DA:81,0
DA:82,0
DA:83,0
DA:85,0
DA:88,3
DA:89,2
DA:90,2
DA:91,1
DA:93,1
DA:96,3
DA:99,1
DA:100,1
DA:102,1
DA:103,1
DA:104,0
DA:107,1
DA:108,0
DA:109,0
DA:110,0
DA:112,0
DA:115,1
DA:116,1
DA:117,1
DA:118,0
DA:120,1
DA:123,1
DA:124,0
DA:125,0
DA:128,1
DA:129,1
DA:132,1
DA:134,1
DA:135,1
DA:136,1
LF:71
LH:50
BRDA:24,0,0,0
BRDA:34,1,0,0
BRDA:35,2,0,0
BRDA:35,2,1,0
BRDA:55,3,0,0
BRDA:68,4,0,0
BRDA:73,5,0,1
BRDA:82,6,0,0
BRDA:90,7,0,1
BRDA:103,8,0,0
BRDA:107,9,0,0
BRDA:109,10,0,0
BRDA:109,11,0,0
BRDA:109,11,1,0
BRDA:115,12,0,1
BRDA:117,13,0,0
BRDA:117,14,0,1
BRDA:117,14,1,0
BRDA:123,15,0,0
BRDA:128,16,0,1
BRF:20
BRH:5
end_of_record
TN:
SF:src/services/restaurantService.ts
FN:36,(anonymous_8)
FN:36,(anonymous_9)
FN:94,(anonymous_10)
FN:94,(anonymous_11)
FN:136,(anonymous_12)
FN:143,(anonymous_13)
FN:181,(anonymous_14)
FN:184,(anonymous_15)
FN:215,(anonymous_16)
FN:215,(anonymous_17)
FNF:10
FNH:10
FNDA:1,(anonymous_8)
FNDA:1,(anonymous_9)
FNDA:2,(anonymous_10)
FNDA:2,(anonymous_11)
FNDA:1,(anonymous_12)
FNDA:1,(anonymous_13)
FNDA:1,(anonymous_14)
FNDA:1,(anonymous_15)
FNDA:1,(anonymous_16)
FNDA:1,(anonymous_17)
DA:1,3
DA:2,3
DA:3,3
DA:36,3
DA:38,1
DA:40,1
DA:41,1
DA:42,1
DA:43,0
DA:44,0
DA:45,0
DA:48,1
DA:79,1
DA:83,1
DA:85,1
DA:94,3
DA:95,2
DA:96,0
DA:99,2
DA:127,2
DA:129,2
DA:130,1
DA:133,1
DA:136,3
DA:143,1
DA:144,1
DA:146,1
DA:157,1
DA:158,1
DA:160,0
DA:161,0
DA:165,1
DA:178,1
DA:181,3
DA:184,1
DA:185,1
DA:187,1
DA:188,1
DA:189,1
DA:190,1
DA:191,1
DA:193,1
DA:194,1
DA:205,1
DA:210,0
DA:211,0
DA:215,3
DA:216,1
DA:217,1
DA:219,0
DA:220,0
DA:223,1
LF:52
LH:42
BRDA:41,0,0,0
BRDA:42,1,0,0
BRDA:42,2,0,1
BRDA:42,2,1,1
BRDA:44,3,0,0
BRDA:45,4,0,0
BRDA:74,5,0,0
BRDA:74,5,1,1
BRDA:95,6,0,0
BRDA:129,7,0,1
BRDA:187,8,0,1
BRDA:188,9,0,1
BRDA:189,10,0,0
BRDA:190,11,0,0
BRDA:191,12,0,0
BRF:15
BRH:6
end_of_record
TN:
SF:src/services/reviewService.ts
FN:5,(anonymous_8)
FN:5,(anonymous_9)
FN:15,(anonymous_10)
FN:19,(anonymous_11)
FN:36,(anonymous_12)
FN:42,(anonymous_13)
FN:56,(anonymous_14)
FN:59,(anonymous_15)
FN:62,(anonymous_16)
FN:73,(anonymous_17)
FN:76,(anonymous_18)
FNF:11
FNH:11
FNDA:5,(anonymous_8)
FNDA:5,(anonymous_9)
FNDA:2,(anonymous_10)
FNDA:2,(anonymous_11)
FNDA:1,(anonymous_12)
FNDA:1,(anonymous_13)
FNDA:2,(anonymous_14)
FNDA:2,(anonymous_15)
FNDA:2,(anonymous_16)
FNDA:1,(anonymous_17)
FNDA:1,(anonymous_18)
DA:1,3
DA:2,3
DA:5,5
DA:6,5
DA:8,5
DA:9,1
DA:12,4
DA:15,3
DA:19,2
DA:20,2
DA:22,1
DA:23,1
DA:25,1
DA:26,1
DA:27,1
DA:29,1
DA:36,3
DA:42,1
DA:43,1
DA:45,1
DA:46,1
DA:47,1
DA:49,0
DA:50,0
DA:53,1
DA:56,3
DA:59,2
DA:60,2
DA:62,2
DA:63,2
DA:66,2
DA:67,1
DA:70,1
DA:73,3
DA:76,1
DA:77,1
DA:78,1
DA:83,0
DA:84,0
LF:39
LH:35
BRDA:8,0,0,1
BRDA:66,1,0,1
BRF:2
BRH:2
end_of_record
TN:
SF:src/services/tokenService.ts
FN:10,(anonymous_8)
FN:10,(anonymous_9)
FN:25,(anonymous_10)
FN:25,(anonymous_11)
FN:53,(anonymous_12)
FN:61,(anonymous_13)
FN:64,(anonymous_14)
FNF:7
FNH:7
FNDA:1,(anonymous_8)
FNDA:1,(anonymous_9)
FNDA:2,(anonymous_10)
FNDA:2,(anonymous_11)
FNDA:1,(anonymous_12)
FNDA:1,(anonymous_13)
FNDA:1,(anonymous_14)
DA:1,3
DA:2,3
DA:8,3
DA:10,3
DA:11,1
DA:12,1
DA:14,1
DA:15,1
DA:16,0
DA:19,1
DA:20,1
DA:22,1
DA:25,3
DA:27,2
DA:28,2
DA:31,1
DA:34,1
DA:35,0
DA:38,1
DA:39,1
DA:40,0
DA:43,1
DA:44,0
DA:47,1
DA:48,1
DA:52,1
DA:53,1
DA:55,1
DA:56,1
DA:58,1
DA:61,3
DA:64,1
DA:65,1
LF:33
LH:29
BRDA:15,0,0,0
BRDA:34,1,0,0
BRDA:34,2,0,1
BRDA:34,2,1,1
BRDA:39,3,0,0
BRDA:43,4,0,0
BRF:6
BRH:2
end_of_record
TN:
SF:src/utils/errorHandler.ts
FN:5,(anonymous_0)
FN:16,(anonymous_1)
FN:46,(anonymous_2)
FNF:3
FNH:3
FNDA:27,(anonymous_0)
FNDA:27,(anonymous_1)
FNDA:3,(anonymous_2)
DA:4,3
DA:6,27
DA:8,27
DA:10,27
DA:11,27
DA:12,27
DA:16,3
DA:23,27
DA:25,27
DA:26,27
DA:32,0
DA:33,0
DA:40,0
DA:46,3
DA:49,3
LF:15
LH:12
BRDA:25,0,0,27
BRDA:32,1,0,0
BRF:2
BRH:1
end_of_record
TN:
SF:src/validations/schemas.ts
FNF:0
FNH:0
DA:1,3
DA:3,3
DA:10,3
DA:17,3
DA:22,3
DA:30,3
LF:6
LH:6
BRF:0
BRH:0
end_of_record
